SF:./app/controllers/api/platform/base_controller.rb
DA:3,1
DA:4,1
DA:17,1
DA:18,1
DA:19,1
DA:23,1
DA:24,1
DA:25,1
DA:26,1
DA:27,1
DA:28,1
DA:30,1
DA:32,1
DA:33,37
DA:34,37
DA:36,9
DA:40,1
DA:42,37
DA:43,37
DA:44,28
DA:46,9
DA:50,1
DA:51,37
DA:54,29
DA:55,29
DA:57,29
DA:61,1
DA:62,28
DA:64,0
DA:65,0
DA:66,0
DA:68,0
DA:71,0
DA:72,0
DA:73,0
DA:75,0
DA:77,0
DA:85,1
DA:86,0
DA:87,0
DA:90,1
DA:91,0
DA:94,1
DA:96,28
DA:99,1
DA:100,1
DA:104,1
DA:105,3
DA:109,1
DA:110,0
DA:114,1
DA:115,0
DA:123,1
DA:124,0
DA:128,1
DA:129,0
DA:131,0
DA:133,0
DA:137,0
DA:142,1
DA:144,13
DA:149,13
DA:150,13
LF:63
LH:44
BRDA:34,0,1,28
BRDA:34,0,2,9
BRDA:43,0,3,28
BRDA:43,0,4,9
BRDA:43,0,5,28
BRDA:45,0,6,9
BRDA:51,0,7,8
BRDA:51,0,8,29
BRDA:55,0,9,-
BRDA:55,0,10,29
BRDA:62,0,11,28
BRDA:62,0,12,-
BRDA:75,0,13,-
BRDA:75,0,14,-
BRDA:119,0,15,-
BRDA:119,0,16,-
BRDA:119,0,17,-
BRDA:119,0,18,-
BRDA:131,0,19,-
BRDA:131,0,20,-
BRDA:137,0,21,-
BRDA:137,0,22,-
BRDA:149,0,23,-
BRDA:149,0,24,13
BRF:24
BRH:11
end_of_record
SF:./app/controllers/api/platform/chat_controller.rb
DA:3,1
DA:5,1
DA:6,1
DA:23,1
DA:24,1
DA:36,1
DA:37,13
DA:38,1
DA:39,12
DA:40,11
DA:41,1
DA:42,0
DA:44,1
DA:54,1
DA:55,2
DA:56,1
DA:62,1
DA:68,1
DA:69,2
DA:70,0
DA:76,2
DA:78,1
DA:85,1
DA:87,1
DA:88,12
DA:89,12
DA:92,9
DA:94,9
DA:101,1
DA:102,0
DA:103,0
DA:106,0
DA:107,0
DA:108,0
DA:110,0
DA:118,0
DA:125,1
DA:126,9
DA:138,3
DA:142,1
DA:143,1
DA:144,1
DA:145,1
DA:147,1
DA:148,1
DA:150,1
DA:151,0
DA:152,0
DA:153,0
DA:157,1
DA:159,1
DA:161,1
DA:162,1
DA:163,0
DA:164,0
DA:167,0
DA:168,0
DA:171,0
DA:178,0
DA:181,1
DA:183,0
DA:185,1
DA:189,1
DA:190,3
DA:191,3
LF:65
LH:46
BRDA:37,0,1,1
BRDA:38,0,2,12
BRDA:39,0,3,11
BRDA:40,0,4,1
BRDA:41,0,5,-
BRDA:43,0,6,1
BRDA:55,0,7,1
BRDA:55,0,8,1
BRDA:69,0,9,2
BRDA:69,0,10,-
BRDA:106,0,11,-
BRDA:117,0,12,-
BRDA:150,0,13,1
BRDA:150,0,14,-
BRDA:160,0,15,1
BRDA:162,0,16,-
BRDA:163,0,17,-
BRDA:177,0,18,-
BRF:18
BRH:10
end_of_record
SF:./app/controllers/api/platform/status_controller.rb
DA:3,1
DA:5,1
DA:6,1
DA:11,1
DA:15,1
DA:17,3
DA:24,3
DA:25,3
DA:27,3
DA:33,1
DA:34,1
DA:36,1
DA:46,1
DA:47,3
DA:48,3
DA:50,3
DA:56,1
DA:57,0
DA:59,0
DA:65,1
DA:66,1
DA:68,1
DA:74,1
DA:75,1
DA:77,1
DA:83,1
DA:84,2
DA:85,2
DA:87,2
DA:90,1
DA:92,1
DA:94,3
DA:97,1
DA:98,3
DA:101,3
DA:102,3
DA:103,3
DA:105,0
DA:109,3
DA:110,3
DA:111,3
DA:113,0
DA:117,3
DA:118,3
DA:119,0
DA:121,3
DA:124,0
DA:127,3
DA:130,1
DA:132,3
DA:138,0
DA:141,1
DA:142,1
DA:145,1
DA:146,1
DA:149,1
DA:150,1
DA:151,1
DA:152,1
DA:155,0
LF:60
LH:52
BRDA:118,0,1,-
BRDA:120,0,2,3
BRDA:142,0,3,1
BRDA:142,0,4,-
BRDA:146,0,5,-
BRDA:146,0,6,1
BRDA:149,0,7,1
BRDA:149,0,8,-
BRDA:152,0,9,1
BRDA:152,0,10,-
BRF:10
BRH:5
end_of_record
SF:./app/controllers/application_controller.rb
DA:1,1
DA:2,1
DA:3,1
DA:6,1
DA:9,1
DA:12,1
DA:14,1
DA:17,1
DA:18,0
DA:19,0
DA:22,1
DA:23,0
DA:24,0
LF:13
LH:9
BRDA:18,0,1,-
BRDA:18,0,2,-
BRF:2
BRH:0
end_of_record
SF:./app/controllers/concerns/authenticatable.rb
DA:1,1
DA:2,1
DA:4,1
DA:5,1
DA:8,1
DA:10,1
DA:11,350
DA:14,1
DA:15,64
DA:18,1
DA:19,64
DA:20,4
DA:21,8
DA:22,4
DA:27,1
DA:28,60
DA:31,1
DA:32,0
DA:33,0
DA:37,1
DA:38,60
DA:42,1
DA:43,60
DA:44,2
DA:45,4
DA:46,2
DA:52,1
DA:53,51
DA:56,1
DA:57,51
DA:58,14
DA:59,28
DA:60,14
LF:33
LH:31
BRDA:11,0,1,346
BRDA:11,0,2,4
BRDA:19,0,3,60
BRDA:19,0,4,4
BRDA:38,0,5,60
BRDA:38,0,6,-
BRDA:43,0,7,58
BRDA:43,0,8,2
BRDA:53,0,9,51
BRDA:53,0,10,-
BRDA:57,0,11,37
BRDA:57,0,12,14
BRF:12
BRH:10
end_of_record
SF:./app/controllers/concerns/localizable.rb
DA:17,1
DA:18,1
DA:20,1
DA:21,1
DA:22,1
DA:25,1
DA:27,1
DA:28,124
DA:29,124
DA:32,1
DA:34,124
DA:43,1
DA:44,124
DA:45,124
DA:47,0
DA:49,0
DA:50,0
DA:54,1
DA:55,124
DA:56,124
DA:58,0
DA:61,1
DA:62,124
DA:66,0
DA:68,0
DA:70,0
DA:71,0
DA:77,1
DA:78,0
DA:81,1
DA:82,0
DA:86,1
DA:87,0
DA:91,1
DA:92,0
DA:96,1
LF:36
LH:24
BRDA:45,0,1,-
BRDA:45,0,2,124
BRDA:48,0,3,-
BRDA:47,0,4,-
BRDA:56,0,5,-
BRDA:56,0,6,124
BRDA:58,0,7,-
BRDA:58,0,8,-
BRDA:62,0,9,-
BRDA:62,0,10,124
BRDA:71,0,11,-
BRDA:71,0,12,-
BRF:12
BRH:3
end_of_record
SF:./app/controllers/curator/admin/base_controller.rb
DA:3,1
DA:4,1
DA:7,1
DA:8,1
LF:4
LH:4
BRF:0
BRH:0
end_of_record
SF:./app/controllers/curator/admin/content_changes_controller.rb
DA:3,1
DA:4,1
DA:7,1
DA:8,1
DA:10,1
DA:11,4
DA:12,4
DA:13,4
DA:14,4
DA:17,4
DA:23,1
DA:26,1
DA:27,3
DA:28,2
DA:29,2
DA:30,2
DA:33,0
DA:37,1
DA:42,1
DA:43,2
DA:44,2
DA:45,2
DA:46,2
DA:49,0
DA:54,1
DA:56,1
DA:57,6
DA:60,1
DA:61,1
DA:62,1
LF:30
LH:28
BRDA:12,0,1,1
BRDA:12,0,2,3
BRDA:13,0,3,1
BRDA:13,0,4,3
BRDA:14,0,5,1
BRDA:14,0,6,3
BRDA:27,0,7,2
BRDA:36,0,8,1
BRDA:28,0,9,2
BRDA:32,0,10,-
BRDA:43,0,11,2
BRDA:48,0,12,-
BRF:12
BRH:10
end_of_record
SF:./app/controllers/curator/admin/curator_applications_controller.rb
DA:3,1
DA:4,1
DA:7,1
DA:8,1
DA:10,1
DA:11,2
DA:12,2
DA:15,2
DA:21,1
DA:24,1
DA:25,3
DA:26,2
DA:27,2
DA:28,2
DA:31,1
DA:36,1
DA:37,2
DA:38,2
DA:39,2
DA:40,2
DA:43,0
DA:48,1
DA:50,1
DA:51,6
LF:24
LH:23
BRDA:12,0,1,1
BRDA:12,0,2,1
BRDA:25,0,3,2
BRDA:30,0,4,1
BRDA:37,0,5,2
BRDA:42,0,6,-
BRF:6
BRH:5
end_of_record
SF:./app/controllers/curator/admin/photo_suggestions_controller.rb
DA:3,1
DA:4,1
DA:7,1
DA:8,1
DA:10,1
DA:11,3
DA:12,3
DA:15,3
DA:21,1
DA:24,1
DA:25,3
DA:26,2
DA:27,2
DA:28,2
DA:31,0
DA:35,1
DA:40,1
DA:41,2
DA:42,2
DA:43,2
DA:44,2
DA:47,0
DA:52,1
DA:54,1
DA:55,6
LF:25
LH:23
BRDA:12,0,1,1
BRDA:12,0,2,2
BRDA:25,0,3,2
BRDA:34,0,4,1
BRDA:26,0,5,2
BRDA:30,0,6,-
BRDA:41,0,7,2
BRDA:46,0,8,-
BRF:8
BRH:6
end_of_record
SF:./app/controllers/curator/admin/users_controller.rb
DA:3,1
DA:4,1
DA:7,1
DA:8,1
DA:10,1
DA:11,3
DA:12,3
DA:13,3
DA:16,3
DA:24,1
DA:25,1
DA:28,1
DA:31,1
DA:32,2
DA:33,2
DA:34,2
DA:37,0
DA:41,1
DA:42,3
DA:43,2
DA:44,2
DA:45,2
DA:48,1
DA:53,1
DA:55,1
DA:56,7
DA:59,1
DA:60,2
LF:28
LH:27
BRDA:12,0,1,1
BRDA:12,0,2,2
BRDA:13,0,3,1
BRDA:13,0,4,2
BRDA:25,0,5,1
BRDA:25,0,6,-
BRDA:32,0,7,2
BRDA:36,0,8,-
BRDA:42,0,9,2
BRDA:47,0,10,1
BRF:10
BRH:8
end_of_record
SF:./app/controllers/curator/audio_tours_controller.rb
DA:1,0
DA:2,0
DA:3,0
DA:4,0
DA:6,0
DA:7,0
DA:8,0
DA:10,0
DA:11,0
DA:12,0
DA:14,0
DA:15,0
DA:16,0
DA:18,0
DA:20,0
DA:21,0
DA:22,0
DA:23,0
DA:24,0
DA:25,0
DA:26,0
DA:29,0
DA:30,0
DA:31,0
DA:32,0
DA:33,0
DA:34,0
DA:36,0
DA:37,0
DA:38,0
DA:40,0
DA:41,0
DA:42,0
DA:43,0
DA:45,0
DA:48,0
DA:49,0
DA:50,0
DA:51,0
DA:52,0
DA:54,0
DA:55,0
DA:56,0
DA:57,0
DA:58,0
DA:59,0
DA:60,0
DA:61,0
DA:62,0
DA:63,0
DA:65,0
DA:66,0
DA:67,0
DA:69,0
DA:72,0
DA:73,0
DA:74,0
DA:75,0
DA:76,0
DA:77,0
DA:79,0
DA:80,0
DA:81,0
DA:82,0
DA:83,0
DA:84,0
DA:85,0
DA:86,0
DA:87,0
DA:89,0
DA:91,0
DA:92,0
DA:93,0
DA:94,0
DA:95,0
DA:97,0
DA:98,0
DA:99,0
DA:100,0
DA:101,0
DA:102,0
DA:103,0
DA:105,0
DA:107,0
DA:108,0
DA:109,0
DA:111,0
DA:112,0
DA:113,0
DA:115,0
DA:116,0
DA:117,0
DA:119,0
DA:120,0
DA:121,0
DA:123,0
DA:124,0
DA:125,0
DA:126,0
DA:127,0
DA:128,0
LF:101
LH:0
BRF:0
BRH:0
end_of_record
SF:./app/controllers/curator/base_controller.rb
DA:1,1
DA:2,1
DA:3,1
DA:4,1
DA:5,1
DA:7,1
DA:9,1
DA:11,1
DA:12,58
DA:14,0
DA:15,0
DA:19,1
DA:20,19
DA:29,19
DA:30,19
DA:34,1
DA:35,0
DA:37,0
DA:42,1
LF:19
LH:15
BRDA:12,0,1,-
BRDA:12,0,2,58
BRDA:35,0,3,-
BRDA:35,0,4,-
BRF:4
BRH:1
end_of_record
SF:./app/controllers/curator/dashboard_controller.rb
DA:1,0
DA:2,0
DA:3,0
DA:4,0
DA:6,0
DA:7,0
DA:8,0
DA:9,0
DA:12,0
DA:13,0
DA:14,0
DA:17,0
DA:18,0
DA:19,0
DA:20,0
DA:23,0
DA:24,0
DA:25,0
DA:26,0
DA:27,0
DA:30,0
DA:31,0
DA:32,0
DA:35,0
DA:36,0
DA:38,0
DA:40,0
DA:41,0
DA:42,0
DA:44,0
DA:45,0
DA:46,0
DA:47,0
DA:48,0
LF:34
LH:0
BRF:0
BRH:0
end_of_record
SF:./app/controllers/curator/experiences_controller.rb
DA:3,0
DA:4,0
DA:5,0
DA:6,0
DA:8,0
DA:9,0
DA:10,0
DA:11,0
DA:12,0
DA:13,0
DA:14,0
DA:15,0
DA:18,0
DA:19,0
DA:20,0
DA:21,0
DA:22,0
DA:23,0
DA:25,0
DA:26,0
DA:27,0
DA:29,0
DA:30,0
DA:31,0
DA:33,0
DA:35,0
DA:36,0
DA:37,0
DA:38,0
DA:39,0
DA:41,0
DA:42,0
DA:43,0
DA:44,0
DA:45,0
DA:46,0
DA:47,0
DA:48,0
DA:49,0
DA:51,0
DA:52,0
DA:53,0
DA:55,0
DA:57,0
DA:58,0
DA:59,0
DA:60,0
DA:61,0
DA:62,0
DA:64,0
DA:65,0
DA:66,0
DA:67,0
DA:68,0
DA:69,0
DA:70,0
DA:71,0
DA:72,0
DA:74,0
DA:76,0
DA:77,0
DA:78,0
DA:79,0
DA:80,0
DA:82,0
DA:83,0
DA:84,0
DA:85,0
DA:86,0
DA:87,0
DA:88,0
DA:90,0
DA:92,0
DA:93,0
DA:94,0
DA:96,0
DA:97,0
DA:98,0
DA:100,0
DA:101,0
DA:104,0
DA:105,0
DA:106,0
DA:111,0
DA:112,0
DA:114,0
DA:115,0
DA:116,0
DA:117,0
DA:118,0
DA:119,0
DA:120,0
DA:122,0
DA:123,0
DA:124,0
DA:125,0
DA:126,0
DA:127,0
LF:98
LH:0
BRF:0
BRH:0
end_of_record
SF:./app/controllers/curator/locations_controller.rb
DA:3,0
DA:4,0
DA:5,0
DA:6,0
DA:8,0
DA:9,0
DA:10,0
DA:11,0
DA:12,0
DA:13,0
DA:14,0
DA:15,0
DA:18,0
DA:19,0
DA:20,0
DA:21,0
DA:22,0
DA:23,0
DA:25,0
DA:26,0
DA:27,0
DA:29,0
DA:30,0
DA:31,0
DA:33,0
DA:35,0
DA:36,0
DA:37,0
DA:38,0
DA:39,0
DA:41,0
DA:42,0
DA:43,0
DA:44,0
DA:45,0
DA:46,0
DA:47,0
DA:48,0
DA:49,0
DA:51,0
DA:52,0
DA:53,0
DA:55,0
DA:58,0
DA:59,0
DA:60,0
DA:61,0
DA:62,0
DA:63,0
DA:65,0
DA:66,0
DA:67,0
DA:68,0
DA:69,0
DA:70,0
DA:71,0
DA:72,0
DA:73,0
DA:75,0
DA:77,0
DA:78,0
DA:79,0
DA:80,0
DA:81,0
DA:83,0
DA:84,0
DA:85,0
DA:86,0
DA:87,0
DA:88,0
DA:89,0
DA:91,0
DA:93,0
DA:94,0
DA:95,0
DA:97,0
DA:98,0
DA:99,0
DA:101,0
DA:102,0
DA:105,0
DA:106,0
DA:107,0
DA:112,0
DA:113,0
DA:115,0
DA:116,0
DA:117,0
DA:118,0
DA:119,0
DA:120,0
DA:121,0
DA:122,0
DA:123,0
DA:124,0
DA:127,0
DA:128,0
DA:129,0
DA:130,0
DA:133,0
DA:134,0
DA:135,0
DA:137,0
DA:138,0
DA:140,0
DA:141,0
DA:142,0
DA:143,0
DA:144,0
DA:145,0
DA:146,0
LF:111
LH:0
BRF:0
BRH:0
end_of_record
SF:./app/controllers/curator/photo_suggestions_controller.rb
DA:3,1
DA:4,1
DA:5,1
DA:6,1
DA:8,1
DA:9,2
DA:15,1
DA:18,1
DA:19,1
DA:22,1
DA:23,4
DA:24,4
DA:26,4
DA:27,3
DA:30,3
DA:32,1
DA:33,1
DA:37,1
DA:39,1
DA:40,5
DA:43,1
DA:44,0
DA:47,1
DA:48,4
LF:24
LH:23
BRDA:26,0,1,3
BRDA:31,0,2,1
BRF:2
BRH:2
end_of_record
SF:./app/controllers/curator/plans_controller.rb
DA:1,0
DA:2,0
DA:3,0
DA:4,0
DA:6,0
DA:7,0
DA:8,0
DA:9,0
DA:10,0
DA:12,0
DA:13,0
DA:14,0
DA:16,0
DA:17,0
DA:19,0
DA:20,0
DA:21,0
DA:22,0
DA:23,0
DA:24,0
DA:27,0
DA:28,0
DA:29,0
DA:30,0
DA:31,0
DA:32,0
DA:34,0
DA:35,0
DA:36,0
DA:38,0
DA:39,0
DA:40,0
DA:42,0
DA:44,0
DA:45,0
DA:46,0
DA:47,0
DA:48,0
DA:50,0
DA:51,0
DA:52,0
DA:53,0
DA:54,0
DA:55,0
DA:56,0
DA:57,0
DA:58,0
DA:60,0
DA:61,0
DA:62,0
DA:64,0
DA:66,0
DA:67,0
DA:68,0
DA:69,0
DA:70,0
DA:71,0
DA:73,0
DA:74,0
DA:75,0
DA:76,0
DA:77,0
DA:78,0
DA:79,0
DA:80,0
DA:81,0
DA:83,0
DA:85,0
DA:86,0
DA:87,0
DA:88,0
DA:89,0
DA:91,0
DA:92,0
DA:93,0
DA:94,0
DA:95,0
DA:96,0
DA:97,0
DA:99,0
DA:101,0
DA:102,0
DA:103,0
DA:105,0
DA:106,0
DA:107,0
DA:109,0
DA:110,0
DA:112,0
DA:113,0
DA:114,0
DA:116,0
DA:117,0
DA:118,0
DA:120,0
DA:121,0
DA:122,0
DA:123,0
DA:124,0
DA:125,0
LF:100
LH:0
BRF:0
BRH:0
end_of_record
SF:./app/controllers/curator/proposals_controller.rb
DA:3,0
DA:4,0
DA:5,0
DA:7,0
DA:8,0
DA:9,0
DA:10,0
DA:13,0
DA:14,0
DA:15,0
DA:18,0
DA:19,0
DA:20,0
DA:21,0
DA:22,0
DA:24,0
DA:25,0
DA:26,0
DA:27,0
DA:29,0
DA:30,0
DA:31,0
DA:33,0
DA:34,0
DA:35,0
DA:36,0
DA:37,0
DA:38,0
DA:39,0
DA:40,0
DA:41,0
DA:42,0
DA:43,0
DA:44,0
DA:46,0
DA:48,0
DA:49,0
DA:50,0
DA:52,0
DA:53,0
DA:54,0
DA:55,0
DA:56,0
LF:43
LH:0
BRF:0
BRH:0
end_of_record
SF:./app/controllers/curator/reviews_controller.rb
DA:1,0
DA:2,0
DA:3,0
DA:5,0
DA:6,0
DA:7,0
DA:8,0
DA:10,0
DA:11,0
DA:12,0
DA:14,0
DA:16,0
DA:17,0
DA:18,0
DA:19,0
DA:20,0
DA:21,0
DA:22,0
DA:25,0
DA:26,0
DA:27,0
DA:28,0
DA:29,0
DA:31,0
DA:32,0
DA:34,0
DA:36,0
DA:37,0
DA:38,0
DA:39,0
DA:40,0
DA:42,0
DA:43,0
DA:44,0
DA:45,0
DA:46,0
DA:47,0
DA:49,0
DA:51,0
DA:52,0
DA:53,0
DA:55,0
DA:56,0
DA:57,0
DA:58,0
DA:59,0
LF:46
LH:0
BRF:0
BRH:0
end_of_record
SF:./app/controllers/curator_applications_controller.rb
DA:1,0
DA:2,0
DA:3,0
DA:5,0
DA:7,0
DA:9,0
DA:10,0
DA:11,0
DA:13,0
DA:14,0
DA:16,0
DA:17,0
DA:18,0
DA:19,0
DA:20,0
DA:21,0
DA:22,0
DA:24,0
DA:25,0
DA:26,0
DA:28,0
DA:30,0
DA:31,0
DA:32,0
DA:34,0
DA:35,0
DA:36,0
DA:37,0
DA:38,0
DA:39,0
DA:40,0
DA:41,0
DA:42,0
DA:43,0
LF:34
LH:0
BRF:0
BRH:0
end_of_record
SF:./app/controllers/experiences_controller.rb
DA:1,0
DA:2,0
DA:4,0
DA:5,0
DA:6,0
DA:7,0
DA:8,0
DA:11,0
DA:12,0
DA:13,0
DA:14,0
DA:15,0
DA:16,0
DA:17,0
DA:19,0
DA:21,0
DA:22,0
DA:23,0
DA:24,0
LF:19
LH:0
BRF:0
BRH:0
end_of_record
SF:./app/controllers/locations_controller.rb
DA:1,0
DA:2,0
DA:4,0
DA:5,0
DA:6,0
DA:7,0
DA:8,0
DA:11,0
DA:12,0
DA:13,0
DA:14,0
DA:15,0
DA:16,0
DA:19,0
DA:20,0
DA:21,0
DA:22,0
DA:23,0
DA:24,0
DA:25,0
DA:27,0
DA:28,0
DA:29,0
DA:31,0
DA:33,0
DA:34,0
DA:35,0
DA:36,0
LF:28
LH:0
BRF:0
BRH:0
end_of_record
SF:./app/controllers/new_design_controller.rb
DA:1,0
DA:2,0
DA:4,0
DA:6,0
DA:7,0
DA:8,0
DA:9,0
DA:10,0
DA:13,0
DA:14,0
DA:15,0
DA:16,0
DA:17,0
DA:18,0
DA:19,0
DA:20,0
DA:23,0
DA:24,0
DA:25,0
DA:26,0
DA:27,0
DA:28,0
DA:29,0
DA:30,0
DA:31,0
DA:33,0
DA:35,0
DA:36,0
DA:37,0
DA:38,0
DA:39,0
DA:40,0
DA:41,0
DA:42,0
DA:43,0
DA:44,0
DA:45,0
DA:46,0
DA:47,0
DA:48,0
DA:51,0
DA:52,0
DA:53,0
DA:56,0
DA:57,0
DA:58,0
DA:61,0
DA:64,0
DA:67,0
DA:68,0
DA:69,0
DA:70,0
DA:73,0
DA:74,0
DA:76,0
DA:79,0
DA:81,0
DA:82,0
DA:83,0
DA:84,0
DA:85,0
DA:86,0
DA:87,0
DA:90,0
DA:91,0
DA:92,0
DA:93,0
DA:94,0
DA:95,0
DA:97,0
DA:99,0
DA:100,0
DA:101,0
DA:103,0
DA:104,0
DA:105,0
DA:107,0
DA:108,0
DA:109,0
DA:110,0
DA:113,0
DA:114,0
DA:115,0
DA:116,0
DA:118,0
DA:119,0
DA:120,0
DA:122,0
DA:123,0
DA:124,0
DA:125,0
DA:128,0
DA:130,0
DA:131,0
DA:133,0
DA:136,0
DA:137,0
DA:138,0
DA:141,0
DA:143,0
DA:144,0
DA:148,0
DA:149,0
DA:151,0
DA:152,0
DA:155,0
DA:157,0
DA:158,0
DA:160,0
DA:163,0
DA:164,0
DA:165,0
DA:168,0
DA:169,0
DA:170,0
DA:174,0
DA:175,0
DA:177,0
DA:178,0
DA:181,0
DA:183,0
DA:184,0
DA:186,0
DA:189,0
DA:190,0
DA:193,0
DA:194,0
DA:195,0
DA:199,0
DA:200,0
DA:202,0
DA:203,0
DA:206,0
DA:207,0
DA:208,0
DA:209,0
DA:210,0
DA:211,0
DA:212,0
DA:213,0
DA:214,0
DA:215,0
DA:216,0
DA:217,0
DA:219,0
DA:220,0
DA:223,0
DA:224,0
DA:225,0
DA:226,0
DA:232,0
DA:233,0
DA:234,0
DA:237,0
DA:238,0
DA:239,0
DA:242,0
DA:243,0
DA:244,0
DA:247,0
DA:249,0
DA:250,0
DA:253,0
DA:254,0
DA:255,0
DA:258,0
DA:260,0
DA:261,0
DA:263,0
DA:264,0
DA:267,0
DA:268,0
DA:269,0
DA:270,0
DA:273,0
DA:274,0
DA:275,0
DA:278,0
DA:279,0
DA:280,0
DA:283,0
DA:284,0
DA:285,0
DA:288,0
DA:289,0
DA:290,0
DA:293,0
DA:294,0
DA:295,0
DA:298,0
DA:300,0
DA:301,0
DA:303,0
DA:304,0
DA:307,0
DA:308,0
DA:309,0
DA:312,0
DA:313,0
DA:314,0
DA:317,0
DA:318,0
DA:319,0
DA:322,0
DA:323,0
DA:324,0
DA:327,0
DA:329,0
DA:330,0
DA:332,0
DA:333,0
DA:334,0
DA:335,0
DA:336,0
DA:337,0
DA:338,0
DA:339,0
DA:340,0
DA:341,0
DA:343,0
DA:344,0
DA:345,0
DA:346,0
DA:347,0
DA:348,0
DA:349,0
DA:351,0
DA:352,0
DA:353,0
DA:354,0
DA:355,0
DA:356,0
DA:357,0
DA:358,0
DA:359,0
DA:360,0
DA:361,0
DA:362,0
DA:364,0
DA:365,0
DA:366,0
DA:367,0
DA:368,0
DA:369,0
DA:370,0
DA:372,0
DA:373,0
DA:374,0
DA:375,0
DA:376,0
DA:377,0
DA:378,0
DA:379,0
DA:380,0
DA:381,0
DA:382,0
DA:383,0
DA:387,0
DA:388,0
DA:389,0
DA:392,0
DA:393,0
DA:396,0
DA:397,0
DA:398,0
DA:402,0
DA:403,0
DA:404,0
DA:405,0
DA:406,0
DA:407,0
DA:410,0
DA:413,0
DA:415,0
DA:416,0
DA:417,0
DA:418,0
DA:419,0
DA:420,0
LF:279
LH:0
BRF:0
BRH:0
end_of_record
SF:./app/controllers/pages_controller.rb
DA:1,0
DA:2,0
DA:3,0
DA:5,0
DA:6,0
DA:8,0
DA:9,0
DA:10,0
LF:8
LH:0
BRF:0
BRH:0
end_of_record
SF:./app/controllers/plans_controller.rb
DA:1,0
DA:2,0
DA:5,0
DA:6,0
DA:7,0
DA:8,0
DA:11,0
DA:12,0
DA:15,0
DA:16,0
DA:17,0
DA:19,0
DA:20,0
DA:21,0
DA:24,0
DA:25,0
DA:26,0
DA:27,0
DA:31,0
DA:34,0
DA:38,0
DA:39,0
DA:40,0
DA:43,0
DA:44,0
DA:45,0
DA:46,0
DA:48,0
DA:49,0
DA:50,0
DA:51,0
DA:52,0
DA:53,0
DA:54,0
DA:55,0
DA:56,0
DA:57,0
DA:58,0
DA:59,0
DA:60,0
DA:64,0
DA:65,0
DA:67,0
DA:68,0
DA:69,0
DA:70,0
DA:73,0
DA:74,0
DA:75,0
DA:76,0
DA:77,0
DA:78,0
DA:79,0
DA:81,0
DA:82,0
DA:86,0
DA:87,0
DA:89,0
DA:90,0
DA:91,0
DA:92,0
DA:95,0
DA:99,0
DA:100,0
DA:101,0
DA:102,0
DA:104,0
DA:105,0
DA:106,0
DA:107,0
DA:108,0
DA:109,0
DA:110,0
DA:111,0
DA:112,0
DA:113,0
DA:114,0
DA:115,0
DA:116,0
DA:120,0
DA:121,0
DA:122,0
DA:123,0
DA:124,0
DA:125,0
DA:126,0
DA:127,0
DA:128,0
DA:129,0
DA:130,0
DA:131,0
DA:132,0
DA:133,0
DA:134,0
DA:136,0
DA:137,0
DA:138,0
DA:139,0
DA:140,0
DA:141,0
DA:145,0
DA:146,0
DA:147,0
DA:148,0
DA:149,0
DA:150,0
DA:153,0
DA:154,0
DA:155,0
DA:156,0
DA:157,0
DA:160,0
DA:161,0
DA:162,0
DA:163,0
DA:166,0
DA:168,0
DA:170,0
DA:171,0
DA:172,0
DA:173,0
DA:174,0
DA:177,0
DA:179,0
DA:180,0
DA:181,0
DA:182,0
DA:183,0
DA:184,0
DA:185,0
DA:188,0
DA:189,0
DA:190,0
DA:191,0
DA:192,0
DA:193,0
DA:196,0
DA:198,0
DA:199,0
DA:201,0
DA:203,0
DA:204,0
DA:206,0
DA:207,0
DA:208,0
DA:209,0
DA:210,0
DA:211,0
DA:212,0
DA:213,0
DA:214,0
DA:217,0
DA:218,0
DA:220,0
DA:221,0
DA:222,0
DA:223,0
DA:224,0
DA:225,0
DA:226,0
DA:227,0
DA:228,0
DA:229,0
DA:230,0
DA:231,0
DA:233,0
DA:234,0
DA:236,0
DA:237,0
DA:238,0
DA:239,0
DA:240,0
DA:241,0
DA:242,0
DA:243,0
DA:244,0
DA:247,0
DA:248,0
DA:249,0
DA:250,0
DA:251,0
DA:253,0
DA:254,0
DA:257,0
DA:258,0
DA:259,0
DA:261,0
DA:262,0
DA:264,0
DA:266,0
DA:267,0
DA:269,0
DA:270,0
DA:273,0
DA:274,0
DA:275,0
DA:276,0
DA:277,0
DA:278,0
DA:280,0
DA:281,0
DA:284,0
DA:286,0
DA:288,0
DA:289,0
DA:290,0
DA:293,0
DA:296,0
DA:298,0
DA:299,0
DA:301,0
DA:302,0
DA:304,0
DA:305,0
DA:307,0
DA:310,0
DA:311,0
DA:312,0
DA:314,0
DA:315,0
DA:316,0
DA:317,0
DA:318,0
DA:320,0
DA:321,0
DA:322,0
DA:325,0
DA:328,0
DA:331,0
DA:334,0
DA:337,0
DA:338,0
DA:339,0
DA:341,0
DA:342,0
DA:343,0
DA:344,0
DA:345,0
DA:346,0
DA:347,0
DA:348,0
DA:349,0
DA:350,0
DA:351,0
DA:352,0
DA:353,0
DA:354,0
DA:355,0
DA:356,0
DA:357,0
DA:358,0
DA:359,0
DA:362,0
DA:363,0
DA:364,0
DA:367,0
DA:369,0
DA:370,0
DA:372,0
DA:373,0
DA:374,0
DA:375,0
DA:376,0
DA:378,0
DA:379,0
DA:382,0
DA:383,0
DA:386,0
DA:387,0
DA:388,0
DA:389,0
DA:390,0
DA:391,0
DA:392,0
DA:393,0
DA:394,0
DA:395,0
DA:399,0
DA:400,0
DA:401,0
DA:402,0
DA:403,0
DA:404,0
DA:405,0
DA:406,0
DA:409,0
DA:411,0
DA:412,0
DA:413,0
DA:414,0
DA:415,0
DA:416,0
DA:417,0
DA:418,0
DA:421,0
DA:422,0
DA:423,0
DA:426,0
DA:427,0
DA:430,0
DA:431,0
DA:432,0
DA:435,0
DA:438,0
DA:439,0
DA:440,0
DA:443,0
DA:444,0
DA:445,0
DA:446,0
DA:447,0
DA:448,0
DA:449,0
DA:450,0
DA:451,0
DA:452,0
DA:455,0
DA:456,0
DA:457,0
DA:458,0
DA:459,0
DA:460,0
DA:461,0
DA:462,0
DA:463,0
DA:464,0
DA:465,0
DA:466,0
DA:467,0
DA:468,0
DA:469,0
DA:470,0
DA:471,0
DA:472,0
DA:473,0
DA:474,0
DA:475,0
DA:476,0
DA:477,0
DA:478,0
DA:479,0
DA:482,0
DA:483,0
DA:485,0
DA:486,0
DA:488,0
DA:489,0
DA:490,0
DA:491,0
DA:492,0
DA:493,0
DA:494,0
DA:495,0
DA:497,0
DA:498,0
DA:499,0
DA:500,0
LF:357
LH:0
BRF:0
BRH:0
end_of_record
SF:./app/controllers/reviews_controller.rb
DA:1,0
DA:2,0
DA:4,0
DA:5,0
DA:6,0
DA:7,0
DA:8,0
DA:9,0
DA:11,0
DA:12,0
DA:13,0
DA:14,0
DA:15,0
DA:17,0
DA:18,0
DA:20,0
DA:21,0
DA:22,0
DA:23,0
DA:24,0
DA:25,0
DA:26,0
DA:27,0
DA:28,0
DA:29,0
DA:31,0
DA:33,0
DA:34,0
DA:35,0
DA:36,0
DA:37,0
DA:38,0
DA:39,0
DA:40,0
DA:42,0
DA:43,0
DA:44,0
DA:45,0
DA:46,0
DA:47,0
DA:48,0
DA:50,0
DA:51,0
DA:52,0
DA:53,0
LF:45
LH:0
BRF:0
BRH:0
end_of_record
SF:./app/controllers/sessions_controller.rb
DA:1,1
DA:2,1
DA:3,0
DA:6,1
DA:7,60
DA:9,60
DA:10,60
DA:13,60
DA:15,0
DA:16,0
DA:22,60
DA:23,120
DA:24,60
DA:27,0
DA:28,0
DA:29,0
DA:30,0
DA:32,0
DA:37,1
DA:38,0
DA:39,0
DA:40,0
DA:41,0
DA:45,1
DA:47,1
DA:49,0
LF:26
LH:13
BRDA:3,0,1,-
BRDA:3,0,2,-
BRDA:9,0,3,60
BRDA:9,0,4,-
BRDA:9,0,5,60
BRDA:26,0,6,-
BRDA:14,0,7,-
BRDA:13,0,8,60
BRF:8
BRH:3
end_of_record
SF:./app/controllers/travel_profiles_controller.rb
DA:1,0
DA:2,0
DA:4,0
DA:7,0
DA:10,0
DA:13,0
DA:14,0
DA:15,0
DA:16,0
DA:17,0
DA:18,0
DA:21,0
DA:22,0
DA:23,0
DA:24,0
DA:25,0
DA:26,0
DA:27,0
DA:28,0
DA:29,0
DA:30,0
DA:33,0
DA:34,0
DA:35,0
DA:38,0
DA:39,0
DA:40,0
DA:41,0
DA:42,0
DA:43,0
DA:45,0
DA:46,0
DA:47,0
DA:48,0
DA:49,0
DA:50,0
DA:51,0
DA:52,0
DA:53,0
DA:54,0
DA:55,0
DA:58,0
DA:59,0
DA:60,0
DA:61,0
DA:62,0
DA:63,0
DA:65,0
DA:66,0
DA:67,0
DA:68,0
DA:69,0
DA:70,0
DA:71,0
DA:72,0
DA:73,0
DA:74,0
DA:76,0
DA:77,0
DA:78,0
DA:79,0
DA:80,0
DA:81,0
DA:85,0
DA:86,0
DA:87,0
DA:88,0
DA:91,0
DA:92,0
DA:93,0
DA:95,0
DA:96,0
DA:97,0
DA:100,0
DA:101,0
DA:102,0
DA:103,0
DA:106,0
DA:107,0
DA:108,0
DA:111,0
DA:113,0
DA:115,0
DA:116,0
DA:117,0
DA:118,0
DA:119,0
DA:120,0
DA:121,0
DA:122,0
DA:124,0
DA:126,0
DA:127,0
DA:128,0
DA:129,0
DA:130,0
DA:131,0
DA:132,0
DA:133,0
DA:135,0
DA:136,0
DA:137,0
DA:138,0
DA:139,0
DA:140,0
DA:141,0
DA:142,0
DA:143,0
DA:144,0
DA:145,0
DA:146,0
DA:148,0
DA:150,0
DA:151,0
DA:152,0
DA:155,0
DA:156,0
DA:159,0
DA:162,0
DA:163,0
DA:165,0
DA:166,0
DA:167,0
DA:169,0
DA:170,0
DA:171,0
DA:172,0
DA:175,0
DA:176,0
DA:177,0
DA:178,0
DA:179,0
DA:180,0
DA:181,0
DA:182,0
DA:184,0
DA:185,0
DA:186,0
DA:187,0
DA:188,0
DA:189,0
DA:190,0
DA:191,0
DA:192,0
DA:193,0
LF:145
LH:0
BRF:0
BRH:0
end_of_record
SF:./app/controllers/user_plans_controller.rb
DA:1,0
DA:2,0
DA:3,0
DA:6,0
DA:10,0
DA:11,0
DA:12,0
DA:14,0
DA:15,0
DA:16,0
DA:17,0
DA:20,0
DA:21,0
DA:22,0
DA:26,0
DA:27,0
DA:28,0
DA:29,0
DA:31,0
DA:32,0
DA:33,0
DA:35,0
DA:36,0
DA:37,0
DA:38,0
DA:39,0
DA:40,0
DA:43,0
DA:44,0
DA:45,0
DA:46,0
DA:48,0
DA:49,0
DA:50,0
DA:52,0
DA:53,0
DA:54,0
DA:55,0
DA:56,0
DA:57,0
DA:61,0
DA:62,0
DA:63,0
DA:64,0
DA:66,0
DA:67,0
DA:68,0
DA:69,0
DA:70,0
DA:71,0
DA:72,0
DA:73,0
DA:74,0
DA:77,0
DA:78,0
DA:79,0
DA:81,0
DA:82,0
DA:83,0
DA:84,0
DA:85,0
DA:86,0
DA:87,0
DA:88,0
DA:89,0
DA:92,0
DA:93,0
DA:94,0
DA:95,0
DA:99,0
DA:100,0
DA:102,0
DA:103,0
DA:104,0
DA:105,0
DA:107,0
DA:108,0
DA:109,0
DA:112,0
DA:114,0
DA:116,0
DA:117,0
DA:118,0
DA:119,0
DA:121,0
DA:122,0
DA:123,0
DA:124,0
DA:126,0
DA:127,0
DA:129,0
DA:130,0
DA:131,0
DA:132,0
DA:133,0
DA:134,0
DA:135,0
DA:136,0
DA:137,0
DA:138,0
DA:139,0
DA:140,0
DA:141,0
DA:142,0
DA:143,0
DA:147,0
DA:148,0
DA:150,0
DA:151,0
DA:152,0
DA:153,0
DA:154,0
DA:155,0
DA:156,0
DA:157,0
DA:158,0
DA:159,0
DA:160,0
DA:162,0
DA:164,0
DA:165,0
DA:166,0
DA:167,0
DA:168,0
DA:170,0
DA:172,0
DA:173,0
DA:175,0
DA:176,0
DA:177,0
DA:178,0
DA:179,0
DA:181,0
DA:182,0
DA:183,0
DA:184,0
DA:185,0
DA:186,0
DA:187,0
DA:188,0
DA:190,0
DA:191,0
DA:192,0
DA:195,0
DA:197,0
DA:199,0
DA:200,0
DA:202,0
DA:203,0
DA:204,0
DA:205,0
DA:206,0
DA:207,0
DA:209,0
DA:210,0
DA:211,0
DA:213,0
DA:214,0
DA:215,0
DA:216,0
DA:217,0
DA:218,0
DA:219,0
DA:220,0
LF:164
LH:0
BRF:0
BRH:0
end_of_record
SF:./app/controllers/users_controller.rb
DA:1,0
DA:2,0
DA:4,0
DA:5,0
DA:6,0
DA:7,0
DA:9,0
DA:10,0
DA:12,0
DA:13,0
DA:16,0
DA:17,0
DA:18,0
DA:19,0
DA:20,0
DA:22,0
DA:23,0
DA:26,0
DA:27,0
DA:28,0
DA:29,0
DA:30,0
DA:31,0
DA:33,0
DA:34,0
DA:36,0
DA:37,0
DA:38,0
DA:39,0
DA:40,0
DA:41,0
DA:42,0
DA:43,0
DA:44,0
DA:45,0
DA:46,0
DA:48,0
DA:49,0
DA:50,0
DA:52,0
DA:53,0
DA:54,0
DA:55,0
DA:56,0
DA:57,0
DA:58,0
DA:59,0
DA:60,0
DA:61,0
DA:62,0
DA:63,0
DA:64,0
DA:65,0
DA:66,0
DA:67,0
DA:68,0
DA:69,0
DA:71,0
DA:72,0
DA:73,0
DA:74,0
DA:75,0
DA:76,0
DA:77,0
DA:78,0
DA:79,0
DA:80,0
DA:81,0
DA:82,0
DA:83,0
DA:84,0
DA:86,0
DA:88,0
DA:89,0
DA:90,0
DA:92,0
DA:93,0
DA:94,0
DA:95,0
DA:96,0
DA:97,0
DA:98,0
DA:99,0
DA:101,0
DA:102,0
DA:103,0
DA:104,0
DA:106,0
DA:107,0
DA:109,0
DA:110,0
DA:111,0
DA:112,0
DA:113,0
DA:114,0
DA:115,0
LF:96
LH:0
BRF:0
BRH:0
end_of_record
SF:./app/helpers/application_helper.rb
DA:1,1
DA:8,1
DA:9,0
DA:12,0
DA:13,0
DA:15,0
DA:18,0
DA:19,0
DA:27,1
DA:28,0
DA:31,0
DA:32,0
DA:34,0
DA:37,0
DA:38,0
DA:46,1
DA:47,0
DA:50,0
DA:52,0
DA:53,0
DA:57,1
DA:59,1
DA:60,0
DA:61,0
DA:68,1
DA:69,0
DA:72,0
DA:73,0
DA:77,0
DA:81,1
DA:86,1
DA:87,0
DA:88,0
DA:89,0
DA:91,0
DA:94,0
DA:99,1
DA:101,0
DA:157,1
DA:159,0
DA:160,0
DA:161,0
DA:164,0
DA:165,0
DA:167,0
DA:170,0
DA:171,0
DA:172,0
DA:173,0
DA:174,0
DA:175,0
DA:176,0
DA:179,0
DA:180,0
DA:181,0
DA:182,0
DA:184,0
DA:188,1
DA:189,0
DA:197,1
DA:198,0
DA:199,0
DA:202,0
DA:204,0
DA:207,0
DA:210,0
LF:66
LH:13
BRDA:9,0,1,-
BRDA:9,0,2,-
BRDA:12,0,3,-
BRDA:14,0,4,-
BRDA:28,0,5,-
BRDA:28,0,6,-
BRDA:31,0,7,-
BRDA:33,0,8,-
BRDA:47,0,9,-
BRDA:47,0,10,-
BRDA:60,0,11,-
BRDA:60,0,12,-
BRDA:69,0,13,-
BRDA:69,0,14,-
BRDA:72,0,15,-
BRDA:76,0,16,-
BRDA:88,0,17,-
BRDA:90,0,18,-
BRDA:176,0,19,-
BRDA:176,0,20,-
BRDA:204,0,21,-
BRDA:204,0,22,-
BRF:22
BRH:0
end_of_record
SF:./app/helpers/curator_helper.rb
DA:3,1
DA:5,1
DA:6,0
DA:8,0
DA:10,0
DA:12,0
DA:14,0
DA:16,0
DA:18,0
DA:20,0
DA:23,0
LF:11
LH:2
BRDA:6,0,1,-
BRDA:6,0,2,-
BRDA:9,0,3,-
BRDA:11,0,4,-
BRDA:13,0,5,-
BRDA:15,0,6,-
BRDA:17,0,7,-
BRDA:19,0,8,-
BRDA:8,0,9,-
BRDA:20,0,10,-
BRDA:20,0,11,-
BRF:11
BRH:0
end_of_record
SF:./app/helpers/plans_helper.rb
DA:3,1
DA:4,1
DA:5,0
DA:17,0
DA:20,1
DA:21,0
DA:24,1
DA:25,0
DA:28,1
DA:29,0
DA:32,1
DA:33,0
DA:35,0
DA:36,0
DA:38,0
DA:39,0
DA:40,0
DA:41,0
DA:43,0
DA:47,1
DA:48,0
LF:21
LH:7
BRDA:33,0,1,-
BRDA:33,0,2,-
BRDA:38,0,3,-
BRDA:39,0,4,-
BRDA:40,0,5,-
BRDA:42,0,6,-
BRF:6
BRH:0
end_of_record
SF:./app/jobs/ai_generation_job.rb
DA:3,1
DA:4,1
DA:7,1
DA:10,1
DA:11,1
DA:16,1
DA:18,0
DA:20,0
DA:23,0
DA:26,0
DA:27,0
DA:29,0
DA:31,0
DA:33,0
DA:35,0
DA:37,0
DA:40,0
DA:49,0
DA:52,0
DA:53,0
DA:54,0
DA:58,1
DA:60,1
DA:62,0
DA:66,0
DA:69,0
DA:77,1
DA:79,0
DA:80,0
DA:84,0
DA:85,0
DA:86,0
DA:90,0
DA:91,0
DA:92,0
DA:95,0
LF:36
LH:9
BRDA:11,0,1,1
BRDA:11,0,2,-
BRDA:20,0,3,-
BRDA:20,0,4,-
BRDA:30,0,5,-
BRDA:32,0,6,-
BRDA:34,0,7,-
BRDA:36,0,8,-
BRDA:66,0,9,-
BRDA:66,0,10,-
BRDA:79,0,11,-
BRDA:79,0,12,-
BRDA:85,0,13,-
BRDA:85,0,14,-
BRDA:91,0,15,-
BRDA:91,0,16,-
BRF:16
BRH:1
end_of_record
SF:./app/jobs/application_job.rb
DA:1,1
DA:9,1
DA:10,0
DA:11,0
LF:4
LH:2
BRF:0
BRH:0
end_of_record
SF:./app/jobs/audio_tour_generation_job.rb
DA:3,0
DA:4,0
DA:7,0
DA:13,0
DA:15,0
DA:16,0
DA:18,0
DA:19,0
DA:20,0
DA:21,0
DA:22,0
DA:23,0
DA:24,0
DA:25,0
DA:26,0
DA:27,0
DA:28,0
DA:29,0
DA:30,0
DA:31,0
DA:32,0
DA:34,0
DA:36,0
DA:37,0
DA:38,0
DA:39,0
DA:40,0
DA:41,0
DA:42,0
DA:43,0
DA:44,0
DA:46,0
DA:47,0
DA:49,0
DA:50,0
DA:52,0
DA:54,0
DA:55,0
DA:56,0
DA:57,0
DA:58,0
DA:59,0
DA:61,0
DA:62,0
DA:63,0
DA:65,0
DA:67,0
DA:69,0
DA:71,0
DA:73,0
DA:75,0
DA:76,0
DA:78,0
DA:79,0
DA:80,0
DA:81,0
DA:82,0
DA:84,0
DA:85,0
DA:86,0
DA:88,0
DA:89,0
DA:91,0
DA:93,0
DA:95,0
DA:96,0
DA:97,0
DA:99,0
DA:100,0
DA:102,0
DA:104,0
DA:105,0
DA:107,0
DA:108,0
DA:109,0
DA:111,0
DA:112,0
DA:114,0
DA:116,0
DA:118,0
DA:119,0
DA:120,0
DA:122,0
DA:123,0
DA:124,0
DA:126,0
DA:127,0
DA:129,0
DA:130,0
DA:131,0
DA:132,0
DA:133,0
DA:134,0
LF:93
LH:0
BRF:0
BRH:0
end_of_record
SF:./app/jobs/content_generation_job.rb
DA:13,1
DA:14,1
DA:17,1
DA:20,1
DA:21,1
DA:22,1
DA:30,1
DA:31,0
DA:32,0
DA:33,0
DA:36,0
DA:37,0
DA:38,0
DA:39,0
DA:43,0
DA:51,0
DA:53,0
DA:54,0
DA:57,0
DA:59,0
DA:61,0
DA:62,0
DA:63,0
DA:67,1
DA:69,1
DA:70,0
DA:73,1
DA:76,0
DA:79,1
DA:81,0
LF:30
LH:11
BRDA:21,0,1,1
BRDA:21,0,2,-
BRDA:37,0,3,-
BRDA:37,0,4,-
BRDA:62,0,5,-
BRDA:62,0,6,-
BRDA:57,0,7,-
BRDA:57,0,8,-
BRF:8
BRH:1
end_of_record
SF:./app/jobs/country_wide_generation_job.rb
DA:3,0
DA:4,0
DA:7,0
DA:10,0
DA:11,0
DA:16,0
DA:17,0
DA:18,0
DA:19,0
DA:20,0
DA:21,0
DA:23,0
DA:24,0
DA:25,0
DA:26,0
DA:27,0
DA:28,0
DA:29,0
DA:30,0
DA:31,0
DA:32,0
DA:33,0
DA:34,0
DA:35,0
DA:36,0
DA:37,0
DA:38,0
DA:39,0
DA:40,0
DA:41,0
DA:42,0
DA:43,0
DA:44,0
DA:45,0
DA:46,0
DA:47,0
DA:48,0
DA:49,0
DA:50,0
DA:51,0
DA:53,0
DA:54,0
DA:55,0
DA:57,0
DA:59,0
DA:60,0
DA:61,0
DA:62,0
DA:63,0
DA:65,0
DA:66,0
DA:67,0
LF:52
LH:0
BRF:0
BRH:0
end_of_record
SF:./app/jobs/delete_experience_photos_job.rb
DA:11,0
DA:12,0
DA:14,0
DA:15,0
DA:17,0
DA:19,0
DA:20,0
DA:21,0
DA:22,0
DA:23,0
DA:24,0
DA:25,0
DA:26,0
DA:27,0
DA:28,0
DA:29,0
DA:31,0
DA:32,0
DA:34,0
DA:35,0
DA:36,0
DA:37,0
DA:38,0
DA:39,0
DA:40,0
DA:42,0
DA:43,0
DA:45,0
DA:46,0
DA:47,0
DA:48,0
DA:50,0
DA:51,0
DA:52,0
DA:54,0
DA:55,0
DA:56,0
DA:57,0
DA:58,0
DA:59,0
DA:60,0
DA:61,0
DA:62,0
DA:63,0
DA:66,0
DA:67,0
DA:68,0
DA:69,0
DA:70,0
DA:71,0
DA:72,0
DA:73,0
DA:74,0
DA:77,0
DA:78,0
DA:79,0
DA:80,0
DA:81,0
DA:84,0
DA:85,0
DA:86,0
DA:87,0
DA:89,0
DA:91,0
DA:92,0
DA:93,0
DA:94,0
DA:95,0
DA:96,0
DA:98,0
DA:99,0
DA:100,0
DA:101,0
DA:102,0
DA:104,0
DA:105,0
DA:107,0
DA:108,0
DA:109,0
DA:110,0
DA:112,0
DA:114,0
DA:115,0
DA:116,0
DA:117,0
DA:118,0
DA:119,0
DA:121,0
DA:122,0
DA:123,0
DA:124,0
DA:125,0
DA:126,0
DA:127,0
DA:128,0
DA:129,0
DA:130,0
DA:131,0
DA:132,0
DA:133,0
DA:135,0
DA:136,0
DA:137,0
DA:138,0
DA:140,0
DA:141,0
DA:143,0
DA:144,0
DA:145,0
DA:146,0
DA:147,0
DA:149,0
DA:150,0
DA:152,0
DA:153,0
DA:154,0
DA:156,0
DA:157,0
DA:159,0
DA:160,0
DA:161,0
DA:162,0
DA:163,0
DA:164,0
DA:165,0
DA:166,0
LF:126
LH:0
BRF:0
BRH:0
end_of_record
SF:./app/jobs/delete_location_photos_job.rb
DA:11,0
DA:12,0
DA:14,0
DA:15,0
DA:17,0
DA:19,0
DA:20,0
DA:21,0
DA:22,0
DA:23,0
DA:24,0
DA:25,0
DA:26,0
DA:27,0
DA:28,0
DA:29,0
DA:31,0
DA:32,0
DA:34,0
DA:35,0
DA:36,0
DA:37,0
DA:38,0
DA:39,0
DA:40,0
DA:42,0
DA:43,0
DA:45,0
DA:46,0
DA:47,0
DA:48,0
DA:50,0
DA:51,0
DA:52,0
DA:54,0
DA:55,0
DA:56,0
DA:57,0
DA:58,0
DA:59,0
DA:60,0
DA:61,0
DA:62,0
DA:63,0
DA:66,0
DA:67,0
DA:68,0
DA:69,0
DA:70,0
DA:71,0
DA:72,0
DA:73,0
DA:74,0
DA:77,0
DA:78,0
DA:79,0
DA:80,0
DA:81,0
DA:84,0
DA:85,0
DA:86,0
DA:87,0
DA:89,0
DA:91,0
DA:92,0
DA:93,0
DA:94,0
DA:95,0
DA:96,0
DA:97,0
DA:98,0
DA:99,0
DA:100,0
DA:101,0
DA:103,0
DA:104,0
DA:106,0
DA:107,0
DA:108,0
DA:109,0
DA:111,0
DA:113,0
DA:114,0
DA:115,0
DA:116,0
DA:117,0
DA:118,0
DA:120,0
DA:121,0
DA:122,0
DA:123,0
DA:124,0
DA:125,0
DA:126,0
DA:127,0
DA:128,0
DA:129,0
DA:130,0
DA:131,0
DA:132,0
DA:134,0
DA:135,0
DA:136,0
DA:137,0
DA:139,0
DA:140,0
DA:142,0
DA:143,0
DA:144,0
DA:145,0
DA:146,0
DA:148,0
DA:149,0
DA:151,0
DA:152,0
DA:153,0
DA:155,0
DA:156,0
DA:158,0
DA:159,0
DA:160,0
DA:161,0
DA:162,0
DA:163,0
DA:164,0
DA:165,0
LF:126
LH:0
BRF:0
BRH:0
end_of_record
SF:./app/jobs/experience_type_sync_job.rb
DA:9,0
DA:10,0
DA:13,0
DA:15,0
DA:16,0
DA:18,0
DA:20,0
DA:21,0
DA:22,0
DA:23,0
DA:24,0
DA:25,0
DA:26,0
DA:27,0
DA:28,0
DA:29,0
DA:31,0
DA:33,0
DA:35,0
DA:38,0
DA:40,0
DA:43,0
DA:45,0
DA:46,0
DA:48,0
DA:49,0
DA:50,0
DA:51,0
DA:53,0
DA:55,0
DA:56,0
DA:58,0
DA:59,0
DA:60,0
DA:61,0
DA:62,0
DA:63,0
DA:64,0
DA:65,0
DA:68,0
DA:69,0
DA:70,0
DA:71,0
DA:72,0
DA:73,0
DA:74,0
DA:75,0
DA:76,0
DA:79,0
DA:80,0
DA:81,0
DA:82,0
DA:83,0
DA:86,0
DA:87,0
DA:88,0
DA:89,0
DA:91,0
DA:93,0
DA:94,0
DA:96,0
DA:97,0
DA:98,0
DA:99,0
DA:101,0
DA:102,0
DA:103,0
DA:104,0
DA:105,0
DA:108,0
DA:109,0
DA:110,0
DA:111,0
DA:113,0
DA:114,0
DA:116,0
DA:117,0
DA:119,0
DA:120,0
DA:122,0
DA:124,0
DA:125,0
DA:126,0
DA:127,0
DA:128,0
DA:129,0
DA:130,0
DA:131,0
DA:132,0
DA:133,0
DA:134,0
DA:135,0
DA:137,0
DA:138,0
DA:140,0
DA:141,0
DA:142,0
DA:143,0
DA:145,0
DA:146,0
DA:147,0
DA:149,0
DA:150,0
DA:151,0
DA:153,0
DA:154,0
DA:157,0
DA:158,0
DA:159,0
DA:160,0
DA:161,0
DA:162,0
DA:163,0
DA:164,0
DA:166,0
DA:168,0
DA:169,0
DA:170,0
DA:171,0
DA:174,0
DA:175,0
DA:176,0
DA:177,0
DA:178,0
DA:180,0
DA:181,0
DA:182,0
DA:183,0
DA:184,0
DA:185,0
DA:186,0
DA:187,0
LF:132
LH:0
BRF:0
BRH:0
end_of_record
SF:./app/jobs/location_city_fix_job.rb
DA:18,1
DA:19,1
DA:22,1
DA:25,1
DA:26,1
DA:30,1
DA:39,1
DA:59,1
DA:82,1
DA:83,0
DA:85,0
DA:88,0
DA:89,0
DA:90,0
DA:94,0
DA:114,0
DA:116,0
DA:117,0
DA:121,0
DA:122,0
DA:123,0
DA:131,0
DA:132,0
DA:133,0
DA:134,0
DA:137,0
DA:141,0
DA:142,0
DA:143,0
DA:149,0
DA:150,0
DA:151,0
DA:152,0
DA:155,0
DA:159,0
DA:160,0
DA:161,0
DA:167,0
DA:168,0
DA:169,0
DA:170,0
DA:173,0
DA:177,0
DA:178,0
DA:179,0
DA:180,0
DA:181,0
DA:188,0
DA:189,0
DA:190,0
DA:191,0
DA:194,0
DA:198,0
DA:204,0
DA:206,0
DA:208,0
DA:212,0
DA:213,0
DA:217,0
DA:218,0
DA:222,0
DA:223,0
DA:225,0
DA:226,0
DA:228,0
DA:229,0
DA:232,0
DA:233,0
DA:234,0
DA:235,0
DA:236,0
DA:241,1
DA:243,6
DA:248,0
DA:252,1
DA:253,21
DA:254,21
DA:255,21
DA:259,1
DA:260,2
DA:261,2
DA:264,1
DA:267,1
DA:268,0
DA:269,0
DA:272,0
DA:273,0
DA:274,0
DA:276,0
DA:278,0
DA:279,0
DA:281,0
DA:282,0
DA:284,0
DA:291,0
DA:293,0
DA:294,0
DA:295,0
DA:296,0
DA:297,0
DA:303,0
DA:304,0
DA:305,0
DA:309,0
DA:310,0
DA:313,0
DA:316,1
DA:317,0
DA:318,0
DA:320,0
DA:322,0
DA:324,0
DA:326,0
DA:331,0
DA:334,0
DA:335,0
DA:336,0
DA:337,0
DA:341,1
DA:342,88
DA:345,258
DA:347,86
DA:350,1
DA:351,80
DA:355,1
DA:356,3
DA:358,1
DA:359,1
DA:362,1
DA:363,1
DA:364,1
DA:365,1
DA:369,0
DA:370,0
DA:371,0
DA:372,0
DA:376,0
DA:377,0
DA:378,0
DA:379,0
DA:382,0
DA:383,0
DA:387,1
DA:388,0
DA:389,0
DA:391,0
DA:392,0
DA:394,0
DA:397,0
DA:399,0
DA:400,0
DA:402,0
DA:403,0
DA:407,1
DA:408,0
DA:410,0
DA:411,0
DA:412,0
DA:415,0
DA:416,0
DA:419,0
DA:420,0
DA:421,0
DA:423,0
DA:425,0
DA:427,0
DA:428,0
DA:429,0
DA:434,0
DA:436,0
DA:437,0
DA:438,0
DA:442,1
DA:443,0
DA:448,0
DA:449,0
DA:450,0
DA:451,0
DA:452,0
DA:453,0
DA:454,0
DA:460,0
DA:463,0
DA:464,0
DA:465,0
DA:466,0
DA:467,0
DA:473,0
DA:474,0
DA:475,0
DA:476,0
DA:477,0
DA:486,1
DA:487,0
DA:489,0
DA:490,0
DA:494,0
DA:495,0
DA:496,0
DA:497,0
DA:498,0
DA:501,0
DA:508,1
DA:509,5
DA:523,2
DA:526,1
DA:527,3
DA:528,3
DA:529,2
DA:535,1
DA:536,0
DA:539,0
DA:541,0
DA:544,1
DA:545,0
DA:546,0
DA:547,0
DA:548,0
DA:549,0
DA:550,0
DA:551,0
DA:552,0
DA:553,0
DA:555,0
DA:556,0
DA:558,0
DA:566,1
DA:569,3
DA:580,21
DA:587,1
DA:590,6
DA:601,60
DA:609,1
DA:610,0
DA:613,0
DA:619,1
DA:620,4
DA:622,3
DA:623,3
DA:626,3
DA:633,3
DA:634,80
DA:635,80
DA:638,77
DA:639,1
DA:643,2
DA:646,1
DA:647,0
DA:648,0
DA:649,0
DA:651,0
DA:654,1
DA:657,0
DA:658,0
DA:662,0
DA:663,0
DA:666,0
LF:257
LH:68
BRDA:88,0,1,-
BRDA:88,0,2,-
BRDA:121,0,3,-
BRDA:121,0,4,-
BRDA:131,0,5,-
BRDA:131,0,6,-
BRDA:141,0,7,-
BRDA:141,0,8,-
BRDA:149,0,9,-
BRDA:149,0,10,-
BRDA:159,0,11,-
BRDA:159,0,12,-
BRDA:167,0,13,-
BRDA:167,0,14,-
BRDA:177,0,15,-
BRDA:177,0,16,-
BRDA:179,0,17,-
BRDA:179,0,18,-
BRDA:188,0,19,-
BRDA:188,0,20,-
BRDA:205,0,21,-
BRDA:207,0,22,-
BRDA:204,0,23,-
BRDA:217,0,24,-
BRDA:217,0,25,-
BRDA:277,0,26,-
BRDA:276,0,27,-
BRDA:281,0,28,-
BRDA:281,0,29,-
BRDA:291,0,30,-
BRDA:292,0,31,-
BRDA:303,0,32,-
BRDA:303,0,33,-
BRDA:309,0,34,-
BRDA:309,0,35,-
BRDA:322,0,36,-
BRDA:322,0,37,-
BRDA:334,0,38,-
BRDA:334,0,39,-
BRDA:342,0,40,2
BRDA:342,0,41,86
BRDA:356,0,42,2
BRDA:356,0,43,1
BRDA:363,0,44,1
BRDA:363,0,45,-
BRDA:370,0,46,-
BRDA:370,0,47,-
BRDA:377,0,48,-
BRDA:377,0,49,-
BRDA:391,0,50,-
BRDA:393,0,51,-
BRDA:410,0,52,-
BRDA:410,0,53,-
BRDA:416,0,54,-
BRDA:416,0,55,-
BRDA:426,0,56,-
BRDA:425,0,57,-
BRDA:428,0,58,-
BRDA:428,0,59,-
BRDA:434,0,60,-
BRDA:434,0,61,-
BRDA:449,0,62,-
BRDA:449,0,63,-
BRDA:451,0,64,-
BRDA:451,0,65,-
BRDA:460,0,66,-
BRDA:460,0,67,-
BRDA:464,0,68,-
BRDA:464,0,69,-
BRDA:474,0,70,-
BRDA:474,0,71,-
BRDA:487,0,72,-
BRDA:487,0,73,-
BRDA:490,0,74,-
BRDA:490,0,75,-
BRDA:495,0,76,-
BRDA:495,0,77,-
BRDA:496,0,78,-
BRDA:496,0,79,-
BRDA:497,0,80,-
BRDA:497,0,81,-
BRDA:498,0,82,-
BRDA:498,0,83,-
BRDA:528,0,84,2
BRDA:528,0,85,1
BRDA:546,0,86,-
BRDA:546,0,87,-
BRDA:547,0,88,-
BRDA:547,0,89,-
BRDA:548,0,90,-
BRDA:548,0,91,-
BRDA:549,0,92,-
BRDA:549,0,93,-
BRDA:550,0,94,-
BRDA:550,0,95,-
BRDA:551,0,96,-
BRDA:551,0,97,-
BRDA:552,0,98,-
BRDA:552,0,99,-
BRDA:553,0,100,-
BRDA:553,0,101,-
BRDA:555,0,102,-
BRDA:557,0,103,-
BRDA:610,0,104,-
BRDA:610,0,105,-
BRDA:620,0,106,1
BRDA:620,0,107,3
BRDA:635,0,108,3
BRDA:635,0,109,77
BRDA:638,0,110,1
BRDA:638,0,111,76
BRDA:649,0,112,-
BRDA:649,0,113,-
BRDA:657,0,114,-
BRDA:661,0,115,-
BRF:115
BRH:13
end_of_record
SF:./app/jobs/location_image_finder_job.rb
DA:3,0
DA:16,0
DA:17,0
DA:20,0
DA:23,0
DA:26,0
DA:29,0
DA:32,0
DA:33,0
DA:35,0
DA:36,0
DA:37,0
DA:38,0
DA:39,0
DA:40,0
DA:41,0
DA:42,0
DA:43,0
DA:44,0
DA:46,0
DA:48,0
DA:49,0
DA:50,0
DA:51,0
DA:52,0
DA:53,0
DA:54,0
DA:55,0
DA:56,0
DA:57,0
DA:58,0
DA:59,0
DA:60,0
DA:61,0
DA:63,0
DA:64,0
DA:65,0
DA:66,0
DA:67,0
DA:68,0
DA:69,0
DA:70,0
DA:71,0
DA:73,0
DA:74,0
DA:77,0
DA:78,0
DA:80,0
DA:81,0
DA:82,0
DA:84,0
DA:85,0
DA:86,0
DA:87,0
DA:88,0
DA:89,0
DA:90,0
DA:93,0
DA:98,0
DA:99,0
DA:101,0
DA:102,0
DA:103,0
DA:104,0
DA:105,0
DA:106,0
DA:107,0
DA:108,0
DA:109,0
DA:110,0
DA:111,0
DA:114,0
DA:115,0
DA:117,0
DA:118,0
DA:120,0
DA:121,0
DA:122,0
DA:123,0
DA:124,0
DA:126,0
DA:129,0
DA:130,0
DA:131,0
DA:132,0
DA:134,0
DA:136,0
DA:137,0
DA:138,0
DA:139,0
DA:140,0
DA:141,0
DA:142,0
DA:144,0
DA:145,0
DA:146,0
DA:147,0
DA:148,0
DA:149,0
DA:150,0
DA:152,0
DA:153,0
DA:154,0
DA:155,0
DA:156,0
DA:157,0
DA:158,0
DA:159,0
DA:160,0
DA:163,0
DA:164,0
DA:165,0
DA:166,0
DA:167,0
DA:168,0
DA:169,0
DA:170,0
DA:171,0
DA:174,0
DA:175,0
DA:176,0
DA:177,0
DA:178,0
DA:181,0
DA:182,0
DA:183,0
DA:184,0
DA:186,0
DA:188,0
DA:190,0
DA:191,0
DA:192,0
DA:193,0
DA:195,0
DA:197,0
DA:198,0
DA:200,0
DA:201,0
DA:203,0
DA:204,0
DA:205,0
DA:206,0
DA:207,0
DA:209,0
DA:210,0
DA:212,0
DA:214,0
DA:215,0
DA:216,0
DA:217,0
DA:218,0
DA:219,0
DA:221,0
DA:222,0
DA:224,0
DA:225,0
DA:226,0
DA:227,0
DA:228,0
DA:229,0
DA:230,0
DA:231,0
DA:232,0
DA:234,0
DA:236,0
DA:237,0
DA:238,0
DA:239,0
DA:240,0
DA:241,0
DA:243,0
DA:244,0
DA:247,0
DA:248,0
DA:249,0
DA:250,0
DA:251,0
DA:252,0
DA:253,0
DA:254,0
DA:255,0
DA:257,0
DA:258,0
DA:259,0
DA:260,0
DA:261,0
DA:262,0
DA:263,0
DA:264,0
DA:265,0
DA:267,0
DA:268,0
DA:269,0
DA:270,0
DA:271,0
DA:272,0
DA:273,0
DA:274,0
DA:275,0
DA:276,0
DA:277,0
DA:279,0
DA:280,0
DA:282,0
DA:283,0
DA:285,0
DA:287,0
DA:288,0
DA:289,0
DA:290,0
DA:291,0
DA:292,0
DA:293,0
DA:294,0
DA:295,0
DA:296,0
DA:297,0
DA:298,0
DA:299,0
DA:300,0
DA:301,0
DA:302,0
DA:303,0
DA:304,0
DA:306,0
DA:307,0
DA:310,0
DA:311,0
DA:312,0
DA:313,0
DA:316,0
DA:320,0
DA:321,0
DA:322,0
DA:323,0
DA:325,0
DA:326,0
DA:327,0
DA:330,0
DA:333,0
DA:335,0
DA:336,0
DA:337,0
DA:338,0
DA:339,0
DA:342,0
DA:343,0
DA:344,0
DA:345,0
DA:346,0
DA:347,0
DA:348,0
DA:349,0
DA:351,0
DA:352,0
DA:353,0
DA:354,0
DA:355,0
DA:356,0
DA:357,0
DA:362,0
DA:363,0
DA:364,0
DA:365,0
DA:366,0
DA:367,0
DA:368,0
DA:371,0
DA:372,0
DA:373,0
DA:374,0
DA:375,0
DA:376,0
DA:377,0
DA:378,0
DA:379,0
DA:380,0
DA:382,0
DA:384,0
DA:385,0
DA:386,0
DA:387,0
DA:389,0
DA:392,0
DA:393,0
DA:394,0
DA:395,0
DA:396,0
DA:399,0
DA:400,0
DA:401,0
DA:402,0
DA:403,0
DA:405,0
DA:406,0
DA:407,0
DA:408,0
DA:409,0
DA:411,0
DA:412,0
DA:413,0
DA:414,0
DA:420,0
DA:421,0
DA:423,0
DA:424,0
DA:427,0
DA:428,0
DA:430,0
DA:431,0
DA:432,0
DA:433,0
DA:434,0
DA:435,0
DA:437,0
DA:438,0
DA:441,0
DA:443,0
DA:444,0
DA:446,0
DA:447,0
DA:448,0
DA:449,0
DA:450,0
DA:451,0
DA:452,0
DA:454,0
DA:455,0
DA:457,0
DA:458,0
DA:459,0
DA:460,0
DA:461,0
DA:462,0
DA:463,0
DA:464,0
LF:336
LH:0
BRF:0
BRH:0
end_of_record
SF:./app/jobs/openai_request_job.rb
DA:17,1
DA:18,1
DA:21,1
DA:22,1
DA:25,1
DA:32,1
DA:33,8
DA:35,8
DA:42,6
DA:43,2
DA:44,2
DA:45,1
DA:49,6
DA:50,6
DA:52,1
DA:53,1
DA:55,1
DA:56,1
LF:18
LH:18
BRDA:25,0,1,1
BRDA:25,0,2,-
BRDA:42,0,3,2
BRDA:42,0,4,4
BRDA:44,0,5,1
BRDA:44,0,6,1
BRF:6
BRH:5
end_of_record
SF:./app/jobs/platform/cluster_generation_job.rb
DA:3,1
DA:4,1
DA:5,1
DA:8,1
DA:10,1
DA:11,5
DA:14,5
DA:15,3
DA:19,5
DA:21,5
DA:24,1
DA:26,1
DA:27,3
DA:28,3
DA:31,1
DA:32,5
DA:33,5
LF:17
LH:17
BRDA:14,0,1,3
BRDA:14,0,2,2
BRF:2
BRH:2
end_of_record
SF:./app/jobs/platform/statistics_job.rb
DA:3,1
DA:13,1
DA:14,1
DA:17,1
DA:19,1
DA:20,4
DA:22,4
DA:24,3
DA:25,3
DA:26,3
DA:30,1
DA:31,0
DA:34,3
DA:37,1
DA:39,1
DA:40,3
DA:41,3
DA:43,3
DA:44,3
LF:19
LH:18
BRDA:23,0,1,3
BRDA:29,0,2,1
BRDA:41,0,3,3
BRDA:41,0,4,-
BRF:4
BRH:3
end_of_record
SF:./app/jobs/platform/summary_generation_job.rb
DA:3,1
DA:12,1
DA:13,1
DA:16,1
DA:18,1
DA:19,4
DA:21,4
DA:23,3
DA:24,1
DA:26,1
DA:29,0
DA:32,4
DA:35,1
DA:37,1
DA:38,5
DA:40,5
DA:42,5
DA:43,4
DA:45,1
DA:49,1
DA:50,1
DA:52,1
DA:54,1
DA:55,1
DA:57,1
DA:58,2
DA:61,0
DA:62,0
DA:64,0
DA:65,0
DA:68,0
DA:72,1
DA:73,0
DA:75,0
DA:76,0
DA:78,0
DA:81,1
DA:82,0
DA:83,0
DA:85,0
LF:40
LH:27
BRDA:22,0,1,3
BRDA:23,0,2,1
BRDA:25,0,3,1
BRDA:28,0,4,-
BRDA:42,0,5,4
BRDA:44,0,6,1
BRDA:53,0,7,1
BRDA:60,0,8,-
BRDA:67,0,9,-
BRF:9
BRH:6
end_of_record
SF:./app/jobs/rebuild_experiences_job.rb
DA:12,1
DA:13,1
DA:16,1
DA:19,1
DA:22,1
DA:24,1
DA:25,0
DA:27,0
DA:30,0
DA:50,0
DA:51,0
DA:52,0
DA:54,0
DA:55,0
DA:56,0
DA:57,0
DA:58,0
DA:60,0
DA:63,0
DA:64,0
DA:65,0
DA:66,0
DA:69,0
DA:71,0
DA:72,0
DA:73,0
DA:74,0
DA:78,0
DA:79,0
DA:80,0
DA:82,0
DA:84,0
DA:85,0
DA:86,0
DA:87,0
DA:88,0
DA:91,0
DA:97,0
DA:103,0
DA:104,0
DA:106,0
DA:109,0
DA:111,0
DA:112,0
DA:115,0
DA:116,0
DA:118,0
DA:119,0
DA:120,0
DA:122,0
DA:123,0
DA:124,0
DA:126,0
DA:132,0
DA:137,0
DA:139,0
DA:141,0
DA:142,0
DA:145,0
DA:147,0
DA:148,0
DA:149,0
DA:150,0
DA:152,0
DA:153,0
DA:154,0
DA:155,0
DA:158,0
DA:159,0
DA:160,0
DA:161,0
DA:164,0
DA:168,0
DA:174,0
DA:175,0
DA:176,0
DA:177,0
DA:180,0
DA:181,0
DA:183,0
DA:184,0
DA:185,0
DA:191,0
DA:192,0
DA:195,0
DA:196,0
DA:197,0
DA:198,0
DA:199,0
DA:200,0
DA:205,1
DA:207,3
DA:212,0
DA:216,1
DA:217,1
DA:218,1
DA:219,1
DA:223,1
DA:224,1
DA:225,1
DA:228,1
DA:234,1
DA:235,0
DA:236,0
DA:238,0
DA:239,0
DA:241,0
DA:242,0
DA:243,0
DA:246,0
DA:247,0
DA:248,0
DA:250,0
DA:251,0
DA:252,0
DA:256,0
DA:258,0
DA:259,0
DA:266,0
DA:267,0
DA:268,0
DA:270,0
DA:273,0
DA:276,1
DA:277,0
DA:279,0
DA:281,0
DA:287,0
DA:290,0
DA:291,0
DA:292,0
DA:294,0
DA:295,0
DA:299,0
DA:300,0
DA:303,0
DA:304,0
DA:305,0
DA:307,0
DA:308,0
DA:311,1
DA:313,0
DA:314,0
DA:316,0
DA:319,0
DA:320,0
DA:322,0
DA:324,0
DA:326,0
DA:332,0
DA:335,0
DA:336,0
DA:337,0
DA:339,0
DA:340,0
DA:343,0
DA:344,0
DA:346,0
DA:349,1
DA:351,0
DA:352,0
DA:354,0
DA:357,0
DA:358,0
DA:359,0
DA:360,0
DA:361,0
DA:362,0
DA:364,0
DA:367,0
DA:368,0
DA:376,1
DA:377,0
DA:378,0
DA:380,0
DA:381,0
DA:382,0
DA:384,0
DA:385,0
DA:388,0
DA:389,0
DA:391,0
DA:394,0
DA:398,0
DA:399,0
DA:400,0
DA:403,0
DA:406,0
DA:407,0
DA:410,0
DA:411,0
DA:412,0
DA:414,0
DA:415,0
DA:417,0
DA:421,0
DA:422,0
DA:423,0
DA:424,0
DA:428,0
DA:429,0
DA:435,1
DA:436,0
DA:439,0
DA:443,0
DA:444,0
DA:446,0
DA:448,0
DA:449,0
DA:450,0
DA:451,0
DA:453,0
DA:454,0
DA:456,0
DA:459,0
DA:460,0
DA:467,1
DA:468,0
DA:469,0
DA:471,0
DA:474,0
DA:475,0
DA:478,0
DA:481,0
DA:487,0
DA:490,0
DA:491,0
DA:492,0
DA:493,0
DA:494,0
DA:495,0
DA:496,0
DA:499,0
DA:500,0
DA:501,0
DA:502,0
DA:507,0
DA:514,1
DA:515,0
DA:516,0
DA:517,0
DA:518,0
DA:519,0
DA:520,0
DA:521,0
DA:524,0
DA:532,1
DA:533,0
DA:539,0
DA:547,0
DA:548,0
DA:553,0
DA:554,0
DA:555,0
DA:559,0
DA:561,0
DA:564,1
DA:565,0
DA:566,0
DA:569,0
DA:572,0
DA:573,0
DA:574,0
DA:575,0
DA:585,0
DA:589,0
DA:590,0
DA:591,0
DA:599,0
DA:603,0
DA:636,1
DA:638,0
DA:671,1
DA:672,0
DA:675,0
DA:696,1
DA:697,0
DA:700,1
DA:701,0
DA:705,1
DA:706,0
DA:707,0
DA:708,0
DA:710,0
DA:717,1
DA:718,0
DA:719,0
DA:721,0
DA:723,0
LF:289
LH:32
BRDA:19,0,1,-
BRDA:19,0,2,1
BRDA:63,0,3,-
BRDA:63,0,4,-
BRDA:66,0,5,-
BRDA:66,0,6,-
BRDA:70,0,7,-
BRDA:69,0,8,-
BRDA:79,0,9,-
BRDA:79,0,10,-
BRDA:85,0,11,-
BRDA:85,0,12,-
BRDA:108,0,13,-
BRDA:106,0,14,-
BRDA:112,0,15,-
BRDA:112,0,16,-
BRDA:118,0,17,-
BRDA:118,0,18,-
BRDA:138,0,19,-
BRDA:137,0,20,-
BRDA:142,0,21,-
BRDA:142,0,22,-
BRDA:146,0,23,-
BRDA:157,0,24,-
BRDA:145,0,25,-
BRDA:147,0,26,-
BRDA:151,0,27,-
BRDA:174,0,28,-
BRDA:174,0,29,-
BRDA:183,0,30,-
BRDA:183,0,31,-
BRDA:184,0,32,-
BRDA:184,0,33,-
BRDA:236,0,34,-
BRDA:236,0,35,-
BRDA:239,0,36,-
BRDA:239,0,37,-
BRDA:247,0,38,-
BRDA:247,0,39,-
BRDA:252,0,40,-
BRDA:252,0,41,-
BRDA:258,0,42,-
BRDA:258,0,43,-
BRDA:287,0,44,-
BRDA:287,0,45,-
BRDA:294,0,46,-
BRDA:294,0,47,-
BRDA:295,0,48,-
BRDA:295,0,49,-
BRDA:299,0,50,-
BRDA:299,0,51,-
BRDA:316,0,52,-
BRDA:316,0,53,-
BRDA:319,0,54,-
BRDA:319,0,55,-
BRDA:320,0,56,-
BRDA:320,0,57,-
BRDA:332,0,58,-
BRDA:332,0,59,-
BRDA:339,0,60,-
BRDA:339,0,61,-
BRDA:340,0,62,-
BRDA:340,0,63,-
BRDA:354,0,64,-
BRDA:354,0,65,-
BRDA:357,0,66,-
BRDA:358,0,67,-
BRDA:359,0,68,-
BRDA:360,0,69,-
BRDA:361,0,70,-
BRDA:363,0,71,-
BRDA:382,0,72,-
BRDA:382,0,73,-
BRDA:389,0,74,-
BRDA:389,0,75,-
BRDA:394,0,76,-
BRDA:394,0,77,-
BRDA:399,0,78,-
BRDA:402,0,79,-
BRDA:407,0,80,-
BRDA:407,0,81,-
BRDA:411,0,82,-
BRDA:413,0,83,-
BRDA:415,0,84,-
BRDA:415,0,85,-
BRDA:421,0,86,-
BRDA:421,0,87,-
BRDA:422,0,88,-
BRDA:422,0,89,-
BRDA:428,0,90,-
BRDA:428,0,91,-
BRDA:444,0,92,-
BRDA:444,0,93,-
BRDA:446,0,94,-
BRDA:446,0,95,-
BRDA:450,0,96,-
BRDA:452,0,97,-
BRDA:459,0,98,-
BRDA:459,0,99,-
BRDA:469,0,100,-
BRDA:469,0,101,-
BRDA:475,0,102,-
BRDA:475,0,103,-
BRDA:492,0,104,-
BRDA:492,0,105,-
BRDA:499,0,106,-
BRDA:499,0,107,-
BRDA:518,0,108,-
BRDA:518,0,109,-
BRDA:573,0,110,-
BRDA:584,0,111,-
BRDA:590,0,112,-
BRDA:598,0,113,-
BRDA:708,0,114,-
BRDA:708,0,115,-
BRF:115
BRH:1
end_of_record
SF:./app/jobs/rebuild_plans_job.rb
DA:13,1
DA:14,1
DA:17,1
DA:20,1
DA:23,1
DA:26,1
DA:28,1
DA:29,0
DA:31,0
DA:34,0
DA:50,0
DA:51,0
DA:52,0
DA:54,0
DA:55,0
DA:56,0
DA:57,0
DA:58,0
DA:60,0
DA:62,0
DA:64,0
DA:65,0
DA:66,0
DA:67,0
DA:71,0
DA:72,0
DA:73,0
DA:75,0
DA:77,0
DA:78,0
DA:79,0
DA:80,0
DA:81,0
DA:84,0
DA:90,0
DA:96,0
DA:97,0
DA:99,0
DA:102,0
DA:104,0
DA:105,0
DA:108,0
DA:109,0
DA:111,0
DA:112,0
DA:113,0
DA:116,0
DA:122,0
DA:127,0
DA:129,0
DA:131,0
DA:132,0
DA:135,0
DA:137,0
DA:138,0
DA:139,0
DA:140,0
DA:142,0
DA:143,0
DA:144,0
DA:145,0
DA:148,0
DA:149,0
DA:150,0
DA:151,0
DA:154,0
DA:158,0
DA:163,0
DA:164,0
DA:166,0
DA:172,0
DA:173,0
DA:176,0
DA:177,0
DA:178,0
DA:179,0
DA:180,0
DA:181,0
DA:186,1
DA:188,2
DA:193,0
DA:197,1
DA:198,12
DA:199,12
DA:200,12
DA:204,1
DA:205,0
DA:206,0
DA:209,1
DA:211,1
DA:212,4
DA:213,4
DA:216,4
DA:218,3
DA:219,3
DA:222,3
DA:223,1
DA:225,1
DA:229,6
DA:231,3
DA:232,3
DA:235,3
DA:238,1
DA:239,3
DA:241,3
DA:243,3
DA:249,3
DA:252,3
DA:253,42
DA:254,42
DA:256,42
DA:257,42
DA:260,3
DA:261,3
DA:262,3
DA:264,0
DA:265,0
DA:268,1
DA:269,1
DA:270,1
DA:272,1
DA:275,1
DA:276,1
DA:283,1
DA:285,1
DA:287,1
DA:293,1
DA:295,1
DA:296,1
DA:297,1
DA:300,0
DA:301,0
DA:303,0
DA:304,0
DA:306,0
DA:309,1
DA:310,1
DA:312,1
DA:313,2
DA:314,2
DA:317,1
DA:318,2
DA:319,2
DA:322,1
DA:354,1
DA:355,1
DA:366,1
DA:369,1
DA:371,1
DA:400,1
DA:401,3
DA:403,3
DA:404,4
DA:405,4
DA:408,4
DA:411,3
DA:412,3
DA:415,3
DA:416,3
DA:419,3
DA:420,3
DA:426,3
DA:430,1
DA:432,0
DA:433,0
DA:435,0
DA:438,0
DA:439,0
DA:441,0
DA:443,0
DA:445,0
DA:451,0
DA:454,0
DA:455,0
DA:456,0
DA:458,0
DA:459,0
DA:462,0
DA:463,0
DA:465,0
DA:468,1
DA:470,0
DA:471,0
DA:473,0
DA:476,0
DA:477,0
DA:478,0
DA:479,0
DA:480,0
DA:481,0
DA:483,0
DA:486,0
DA:487,0
DA:490,1
DA:491,3
DA:492,6
DA:495,6
DA:497,3
DA:500,3
DA:534,1
DA:535,0
DA:538,0
DA:571,1
DA:572,45
DA:575,3
DA:595,1
DA:596,3
DA:599,1
DA:600,15
DA:604,1
DA:605,0
DA:606,0
DA:607,0
DA:609,0
LF:214
LH:98
BRDA:20,0,1,-
BRDA:20,0,2,1
BRDA:63,0,3,-
BRDA:62,0,4,-
BRDA:72,0,5,-
BRDA:72,0,6,-
BRDA:78,0,7,-
BRDA:78,0,8,-
BRDA:101,0,9,-
BRDA:99,0,10,-
BRDA:105,0,11,-
BRDA:105,0,12,-
BRDA:111,0,13,-
BRDA:111,0,14,-
BRDA:128,0,15,-
BRDA:127,0,16,-
BRDA:132,0,17,-
BRDA:132,0,18,-
BRDA:136,0,19,-
BRDA:147,0,20,-
BRDA:135,0,21,-
BRDA:137,0,22,-
BRDA:141,0,23,-
BRDA:213,0,24,4
BRDA:213,0,25,-
BRDA:216,0,26,1
BRDA:216,0,27,3
BRDA:219,0,28,-
BRDA:219,0,29,3
BRDA:222,0,30,1
BRDA:222,0,31,2
BRDA:231,0,32,3
BRDA:231,0,33,-
BRDA:249,0,34,3
BRDA:249,0,35,-
BRDA:256,0,36,6
BRDA:256,0,37,36
BRDA:257,0,38,6
BRDA:257,0,39,36
BRDA:270,0,40,-
BRDA:270,0,41,1
BRDA:283,0,42,-
BRDA:283,0,43,1
BRDA:293,0,44,1
BRDA:293,0,45,-
BRDA:295,0,46,1
BRDA:295,0,47,-
BRDA:301,0,48,-
BRDA:301,0,49,-
BRDA:310,0,50,1
BRDA:310,0,51,-
BRDA:313,0,52,2
BRDA:313,0,53,-
BRDA:318,0,54,2
BRDA:318,0,55,-
BRDA:408,0,56,3
BRDA:408,0,57,1
BRDA:412,0,58,3
BRDA:412,0,59,-
BRDA:435,0,60,-
BRDA:435,0,61,-
BRDA:438,0,62,-
BRDA:438,0,63,-
BRDA:439,0,64,-
BRDA:439,0,65,-
BRDA:451,0,66,-
BRDA:451,0,67,-
BRDA:458,0,68,-
BRDA:458,0,69,-
BRDA:459,0,70,-
BRDA:459,0,71,-
BRDA:473,0,72,-
BRDA:473,0,73,-
BRDA:476,0,74,-
BRDA:477,0,75,-
BRDA:478,0,76,-
BRDA:479,0,77,-
BRDA:480,0,78,-
BRDA:482,0,79,-
BRDA:497,0,80,3
BRDA:497,0,81,-
BRDA:535,0,82,-
BRDA:535,0,83,-
BRDA:553,0,84,-
BRDA:553,0,85,-
BRDA:607,0,86,-
BRDA:607,0,87,-
BRF:87
BRH:24
end_of_record
SF:./app/jobs/regenerate_translations_job.rb
DA:10,1
DA:11,1
DA:14,1
DA:15,1
DA:18,1
DA:19,1
DA:21,1
DA:22,0
DA:23,0
DA:24,0
DA:26,0
DA:29,0
DA:30,0
DA:31,0
DA:33,0
DA:34,0
DA:36,0
DA:37,0
DA:41,1
DA:42,3
DA:45,1
DA:46,1
DA:48,0
DA:51,1
DA:52,13
DA:53,13
DA:56,1
DA:57,1
DA:60,1
DA:62,2
DA:68,1
DA:70,1
DA:71,0
DA:72,0
DA:73,0
DA:75,0
DA:77,0
DA:79,0
DA:81,0
DA:83,0
DA:85,0
DA:87,0
DA:90,0
DA:91,0
DA:95,0
DA:98,0
DA:99,0
DA:101,0
DA:102,0
DA:107,1
DA:108,0
DA:109,0
DA:110,0
DA:112,0
DA:114,0
DA:116,0
DA:118,0
DA:120,0
DA:121,0
DA:122,0
DA:125,0
DA:126,0
DA:128,0
DA:129,0
DA:134,1
DA:135,0
DA:136,0
DA:137,0
DA:139,0
DA:141,0
DA:143,0
DA:145,0
DA:147,0
DA:148,0
DA:149,0
DA:152,0
DA:153,0
DA:155,0
DA:156,0
DA:161,1
DA:162,0
DA:165,0
DA:167,0
DA:168,0
DA:170,0
DA:175,1
DA:177,0
DA:178,0
DA:179,0
DA:181,0
DA:182,0
DA:183,0
DA:185,0
DA:186,0
DA:191,0
DA:194,1
DA:196,0
DA:197,0
DA:198,0
DA:200,0
DA:201,0
DA:202,0
DA:204,0
DA:205,0
DA:210,0
DA:213,1
DA:214,0
DA:237,0
DA:243,0
DA:245,0
DA:246,0
DA:249,1
DA:250,0
DA:251,0
DA:254,0
DA:279,0
DA:285,0
DA:287,0
DA:288,0
DA:291,1
DA:292,0
DA:295,1
DA:297,0
DA:300,1
DA:301,0
DA:302,0
DA:303,0
DA:304,0
DA:307,1
DA:308,0
DA:309,0
DA:310,0
DA:311,0
DA:312,0
DA:313,0
LF:135
LH:31
BRDA:75,0,1,-
BRDA:75,0,2,-
BRDA:85,0,3,-
BRDA:86,0,4,-
BRDA:90,0,5,-
BRDA:90,0,6,-
BRDA:112,0,7,-
BRDA:112,0,8,-
BRDA:120,0,9,-
BRDA:120,0,10,-
BRDA:139,0,11,-
BRDA:139,0,12,-
BRDA:147,0,13,-
BRDA:147,0,14,-
BRDA:179,0,15,-
BRDA:179,0,16,-
BRDA:182,0,17,-
BRDA:182,0,18,-
BRDA:185,0,19,-
BRDA:185,0,20,-
BRDA:198,0,21,-
BRDA:198,0,22,-
BRDA:201,0,23,-
BRDA:201,0,24,-
BRDA:204,0,25,-
BRDA:204,0,26,-
BRDA:219,0,27,-
BRDA:219,0,28,-
BRDA:303,0,29,-
BRDA:303,0,30,-
BRF:30
BRH:0
end_of_record
SF:./app/mailers/application_mailer.rb
DA:1,0
DA:2,0
DA:3,0
DA:4,0
LF:4
LH:0
BRF:0
BRH:0
end_of_record
SF:./app/models/ai_generation.rb
DA:1,1
DA:3,1
DA:11,1
DA:14,1
DA:15,1
DA:16,1
DA:18,0
DA:23,1
DA:24,1
DA:25,1
DA:28,1
DA:29,0
DA:33,1
DA:34,0
DA:44,1
DA:45,0
DA:48,0
DA:53,1
DA:54,0
DA:55,0
DA:59,1
DA:60,0
LF:22
LH:14
BRDA:48,0,1,-
BRDA:48,0,2,-
BRDA:54,0,3,-
BRDA:54,0,4,-
BRF:4
BRH:0
end_of_record
SF:./app/models/application_record.rb
DA:1,1
DA:2,1
LF:2
LH:2
BRF:0
BRH:0
end_of_record
SF:./app/models/audio_tour.rb
DA:1,1
DA:2,1
DA:5,1
DA:8,1
DA:11,1
DA:12,1
DA:13,1
DA:17,1
DA:34,1
DA:37,1
DA:38,46
DA:41,1
DA:42,0
DA:46,1
DA:47,0
DA:51,1
DA:52,0
DA:53,0
DA:57,1
DA:58,0
DA:59,0
DA:61,0
DA:62,0
DA:66,1
DA:67,0
DA:71,1
DA:72,0
DA:76,1
DA:77,0
DA:81,1
DA:82,0
DA:86,1
DA:87,0
DA:88,0
LF:34
LH:20
BRDA:52,0,1,-
BRDA:52,0,2,-
BRDA:58,0,3,-
BRDA:58,0,4,-
BRDA:59,0,5,-
BRDA:59,0,6,-
BRF:6
BRH:0
end_of_record
SF:./app/models/browse.rb
DA:1,1
DA:3,1
DA:6,1
DA:7,1
DA:8,1
DA:11,7
DA:12,5
DA:13,1
DA:16,1
DA:17,0
DA:19,0
DA:22,0
DA:23,0
DA:28,1
DA:29,0
DA:31,0
DA:32,0
DA:36,1
DA:37,0
DA:39,0
DA:40,0
DA:47,1
DA:48,7
DA:51,5
DA:58,5
DA:59,5
DA:62,5
DA:63,5
DA:66,5
DA:67,5
DA:70,5
DA:71,3
DA:72,3
DA:75,5
DA:79,1
DA:80,0
DA:81,0
DA:85,1
DA:86,0
DA:87,0
DA:92,1
DA:93,0
DA:94,0
DA:95,0
DA:96,0
DA:100,1
DA:101,0
DA:102,0
DA:106,3
DA:107,3
DA:108,1
DA:109,3
DA:111,1
DA:113,1
DA:115,1
DA:121,1
DA:122,0
DA:123,0
DA:127,1
DA:128,0
DA:129,0
DA:130,0
DA:131,0
DA:136,1
DA:137,0
DA:139,0
DA:140,0
DA:143,0
DA:144,0
DA:146,0
DA:147,0
DA:148,0
DA:149,0
DA:152,0
DA:157,0
DA:160,0
DA:166,0
DA:173,0
DA:174,0
DA:177,0
DA:178,0
DA:181,0
DA:182,0
DA:183,0
DA:187,0
DA:188,0
DA:189,0
DA:192,0
DA:196,1
DA:197,1
DA:198,1
DA:199,1
DA:202,1
DA:203,0
DA:207,1
DA:208,0
DA:211,1
DA:212,0
DA:215,1
DA:216,0
DA:220,1
DA:222,1
DA:223,566
DA:225,451
DA:226,451
DA:228,451
DA:229,451
DA:231,0
DA:236,1
DA:237,96
DA:241,1
DA:242,566
DA:244,388
DA:246,63
DA:248,115
DA:250,0
DA:255,1
DA:256,0
DA:257,0
DA:260,0
DA:261,0
DA:265,0
DA:268,0
LF:123
LH:61
BRDA:17,0,1,-
BRDA:17,0,2,-
BRDA:29,0,3,-
BRDA:29,0,4,-
BRDA:37,0,5,-
BRDA:37,0,6,-
BRDA:40,0,7,-
BRDA:40,0,8,-
BRDA:48,0,9,2
BRDA:48,0,10,5
BRDA:70,0,11,3
BRDA:70,0,12,2
BRDA:80,0,13,-
BRDA:80,0,14,-
BRDA:86,0,15,-
BRDA:86,0,16,-
BRDA:93,0,17,-
BRDA:93,0,18,-
BRDA:95,0,19,-
BRDA:95,0,20,-
BRDA:101,0,21,-
BRDA:101,0,22,-
BRDA:110,0,23,1
BRDA:112,0,24,1
BRDA:114,0,25,1
BRDA:122,0,26,-
BRDA:122,0,27,-
BRDA:128,0,28,-
BRDA:128,0,29,-
BRDA:137,0,30,-
BRDA:137,0,31,-
BRDA:157,0,32,-
BRDA:157,0,33,-
BRDA:181,0,34,-
BRDA:181,0,35,-
BRDA:187,0,36,-
BRDA:187,0,37,-
BRDA:223,0,38,451
BRDA:223,0,39,115
BRDA:228,0,40,451
BRDA:230,0,41,-
BRDA:231,0,42,-
BRDA:231,0,43,-
BRDA:243,0,44,388
BRDA:245,0,45,63
BRDA:247,0,46,115
BRDA:249,0,47,-
BRDA:261,0,48,-
BRDA:261,0,49,-
BRF:49
BRH:13
end_of_record
SF:./app/models/cluster_membership.rb
DA:3,1
DA:4,1
DA:5,1
DA:7,1
DA:8,1
DA:9,1
DA:11,2
DA:12,1
DA:13,18
DA:16,1
DA:17,0
LF:11
LH:10
BRF:0
BRH:0
end_of_record
SF:./app/models/concerns/browsable.rb
DA:4,1
DA:5,1
DA:7,1
DA:8,3
DA:11,3
DA:14,3
DA:18,1
DA:19,558
DA:23,1
DA:24,96
DA:28,1
DA:29,0
LF:12
LH:11
BRF:0
BRH:0
end_of_record
SF:./app/models/concerns/identifiable.rb
DA:16,1
DA:17,1
DA:19,1
DA:21,10
DA:24,10
DA:29,1
DA:30,87
DA:34,1
DA:35,0
DA:38,1
DA:44,1
DA:45,18
DA:48,18
DA:49,18
DA:52,0
DA:61,1
DA:62,18
DA:65,1
DA:68,1
DA:69,18
DA:73,18
DA:78,1
DA:80,1
DA:81,1011
LF:24
LH:22
BRDA:45,0,1,-
BRDA:45,0,2,18
BRDA:48,0,3,18
BRDA:51,0,4,-
BRDA:69,0,5,18
BRDA:69,0,6,-
BRF:6
BRH:3
end_of_record
SF:./app/models/concerns/reviewable.rb
DA:3,1
DA:4,1
DA:6,1
DA:7,3
DA:9,3
DA:10,3
DA:11,3
DA:14,3
DA:15,0
DA:17,0
DA:29,3
DA:30,0
DA:31,0
DA:35,1
DA:36,0
DA:37,0
DA:40,1
DA:41,0
DA:43,0
DA:44,0
DA:45,0
DA:47,0
DA:48,0
DA:49,0
DA:50,0
DA:51,0
DA:54,1
DA:55,0
LF:28
LH:12
BRDA:31,0,1,-
BRDA:31,0,2,-
BRDA:36,0,3,-
BRDA:36,0,4,-
BRDA:41,0,5,-
BRDA:41,0,6,-
BRDA:45,0,7,-
BRDA:45,0,8,-
BRDA:49,0,9,-
BRDA:49,0,10,-
BRF:10
BRH:0
end_of_record
SF:./app/models/concerns/translatable.rb
DA:17,1
DA:18,1
DA:20,1
DA:21,6
DA:24,6
DA:27,1
DA:30,1
DA:31,6
DA:33,6
DA:36,13
DA:38,208
DA:39,0
DA:43,208
DA:44,0
DA:57,1
DA:58,972
DA:59,972
DA:62,972
DA:63,972
DA:66,970
DA:67,970
DA:68,2362
DA:70,1392
DA:71,1392
DA:75,970
DA:79,1
DA:80,1
DA:88,1
DA:89,15
DA:90,15
DA:92,15
DA:96,15
DA:97,15
DA:98,15
DA:109,1
DA:110,0
DA:111,0
DA:119,1
DA:120,0
DA:126,1
DA:127,0
DA:128,0
DA:137,1
DA:138,0
DA:143,1
DA:144,0
LF:46
LH:37
BRDA:63,0,1,2
BRDA:63,0,2,970
BRDA:63,0,3,2
BRDA:63,0,4,970
BRDA:68,0,5,970
BRDA:68,0,6,1392
BRDA:71,0,7,-
BRDA:71,0,8,1392
BRDA:71,0,9,-
BRDA:71,0,10,1392
BRDA:75,0,11,970
BRDA:75,0,12,-
BRF:12
BRH:9
end_of_record
SF:./app/models/content_change.rb
DA:12,1
DA:13,1
DA:14,1
DA:15,1
DA:16,1
DA:17,1
DA:18,1
DA:20,1
DA:21,1
DA:24,1
DA:26,1
DA:27,1
DA:28,1
DA:29,1
DA:30,1
DA:33,1
DA:35,1
DA:36,2
DA:37,1
DA:41,1
DA:43,4
DA:45,4
DA:47,1
DA:48,1
DA:51,3
DA:61,1
DA:63,2
DA:65,2
DA:67,1
DA:68,1
DA:70,1
DA:71,1
DA:73,1
DA:83,1
DA:84,3
DA:85,3
DA:86,3
DA:87,3
DA:90,3
DA:91,3
DA:95,1
DA:96,3
DA:98,3
DA:99,3
DA:100,3
DA:102,3
DA:106,1
DA:107,14
DA:109,13
DA:110,13
DA:112,3
DA:114,8
DA:116,2
DA:119,13
DA:127,13
DA:129,0
DA:130,0
DA:134,1
DA:135,6
DA:137,5
DA:146,1
DA:147,9
DA:149,9
DA:151,1
DA:153,7
DA:155,1
DA:160,1
DA:161,3
DA:162,3
DA:164,3
DA:165,3
DA:166,5
DA:167,5
DA:168,3
DA:171,3
DA:175,1
DA:177,3
DA:184,1
DA:185,3
DA:188,1
DA:190,1
DA:191,98
DA:193,92
DA:194,126
DA:196,126
DA:198,0
DA:200,0
DA:205,1
DA:206,3
DA:208,3
DA:209,3
DA:210,3
DA:211,3
DA:212,3
DA:215,3
DA:218,1
DA:220,8
DA:221,8
DA:222,8
DA:225,8
DA:228,1
DA:229,2
DA:234,1
DA:235,11
DA:236,11
DA:238,11
DA:242,1
DA:243,11
DA:245,10
DA:247,1
DA:249,0
DA:251,0
DA:253,0
DA:255,0
LF:114
LH:106
BRDA:46,0,1,1
BRDA:50,0,2,3
BRDA:66,0,3,1
BRDA:72,0,4,1
BRDA:67,0,5,1
BRDA:67,0,6,-
BRDA:96,0,7,-
BRDA:96,0,8,3
BRDA:107,0,9,13
BRDA:107,0,10,1
BRDA:111,0,11,3
BRDA:113,0,12,8
BRDA:115,0,13,2
BRDA:110,0,14,-
BRDA:135,0,15,5
BRDA:135,0,16,1
BRDA:147,0,17,8
BRDA:147,0,18,1
BRDA:147,0,19,8
BRDA:147,0,20,1
BRDA:147,0,21,-
BRDA:147,0,22,1
BRDA:147,0,23,-
BRDA:147,0,24,1
BRDA:150,0,25,1
BRDA:152,0,26,7
BRDA:154,0,27,1
BRDA:149,0,28,-
BRDA:161,0,29,3
BRDA:161,0,30,-
BRDA:162,0,31,-
BRDA:162,0,32,3
BRDA:167,0,33,3
BRDA:167,0,34,2
BRDA:191,0,35,6
BRDA:191,0,36,92
BRDA:195,0,37,126
BRDA:197,0,38,-
BRDA:199,0,39,-
BRDA:198,0,40,-
BRDA:198,0,41,-
BRDA:235,0,42,11
BRDA:235,0,43,-
BRDA:236,0,44,11
BRDA:236,0,45,-
BRDA:244,0,46,10
BRDA:246,0,47,1
BRDA:248,0,48,-
BRDA:250,0,49,-
BRDA:252,0,50,-
BRDA:254,0,51,-
BRF:51
BRH:33
end_of_record
SF:./app/models/content_change_contribution.rb
DA:5,1
DA:6,1
DA:7,1
DA:9,4
DA:10,1
DA:13,1
DA:15,1
DA:17,1
DA:18,3
DA:20,2
DA:21,3
DA:23,3
DA:25,0
DA:27,0
LF:14
LH:12
BRDA:18,0,1,1
BRDA:18,0,2,2
BRDA:22,0,3,3
BRDA:24,0,4,-
BRDA:26,0,5,-
BRDA:25,0,6,-
BRDA:25,0,7,-
BRF:7
BRH:3
end_of_record
SF:./app/models/curator_activity.rb
DA:5,1
DA:6,1
DA:7,1
DA:10,1
DA:29,1
DA:31,15
DA:32,1
DA:33,1
DA:34,9
DA:35,11
DA:38,1
DA:39,19
DA:41,19
DA:50,0
DA:51,0
DA:55,1
DA:56,2
DA:58,1
DA:59,1
DA:61,0
DA:62,0
DA:64,0
DA:65,0
DA:67,0
DA:69,1
DA:71,0
DA:72,0
DA:74,0
DA:75,0
DA:77,0
DA:79,0
DA:84,1
DA:85,0
DA:87,0
DA:89,0
DA:91,0
DA:93,0
DA:95,0
DA:97,0
DA:99,0
DA:101,0
DA:105,1
DA:107,1
DA:108,1
DA:109,1
DA:111,1
DA:113,1
DA:115,0
DA:117,0
DA:119,0
DA:121,0
DA:123,0
DA:125,0
LF:53
LH:25
BRDA:39,0,1,19
BRDA:39,0,2,-
BRDA:39,0,3,16
BRDA:39,0,4,-
BRDA:39,0,5,19
BRDA:39,0,6,-
BRDA:46,0,7,19
BRDA:46,0,8,-
BRDA:47,0,9,19
BRDA:47,0,10,-
BRDA:47,0,11,-
BRDA:47,0,12,19
BRDA:57,0,13,1
BRDA:60,0,14,-
BRDA:63,0,15,-
BRDA:66,0,16,-
BRDA:68,0,17,1
BRDA:70,0,18,-
BRDA:73,0,19,-
BRDA:76,0,20,-
BRDA:78,0,21,-
BRDA:86,0,22,-
BRDA:88,0,23,-
BRDA:90,0,24,-
BRDA:92,0,25,-
BRDA:94,0,26,-
BRDA:96,0,27,-
BRDA:98,0,28,-
BRDA:100,0,29,-
BRDA:108,0,30,-
BRDA:108,0,31,1
BRDA:109,0,32,1
BRDA:109,0,33,-
BRDA:112,0,34,1
BRDA:114,0,35,-
BRDA:116,0,36,-
BRDA:118,0,37,-
BRDA:120,0,38,-
BRDA:122,0,39,-
BRDA:124,0,40,-
BRDA:119,0,41,-
BRDA:119,0,42,-
BRDA:123,0,43,-
BRDA:123,0,44,-
BRF:44
BRH:11
end_of_record
SF:./app/models/curator_application.rb
DA:1,1
DA:2,1
DA:4,1
DA:5,1
DA:7,1
DA:13,1
DA:14,1
DA:15,1
DA:16,1
DA:18,4
DA:20,1
DA:21,3
DA:22,3
DA:27,3
DA:31,1
DA:32,4
DA:40,1
DA:42,1
DA:43,38
DA:44,0
DA:48,1
DA:49,38
DA:50,0
LF:23
LH:21
BRDA:43,0,1,38
BRDA:43,0,2,-
BRDA:43,0,3,-
BRDA:43,0,4,38
BRDA:49,0,5,-
BRDA:49,0,6,38
BRF:6
BRH:3
end_of_record
SF:./app/models/curator_review.rb
DA:5,1
DA:6,1
DA:7,1
DA:9,1
DA:11,1
DA:12,1
DA:13,1
DA:16,1
DA:18,2
DA:20,1
DA:22,1
DA:23,9
DA:24,9
LF:13
LH:13
BRDA:23,0,1,-
BRDA:23,0,2,9
BRF:2
BRH:1
end_of_record
SF:./app/models/experience.rb
DA:1,1
DA:2,1
DA:3,1
DA:4,1
DA:5,1
DA:8,1
DA:11,1
DA:14,1
DA:15,164
DA:16,1
DA:17,1
DA:18,1
DA:21,1
DA:24,1
DA:25,1
DA:28,1
DA:29,1
DA:30,0
DA:31,0
DA:34,0
DA:35,0
DA:38,1
DA:41,1
DA:42,0
DA:48,1
DA:49,0
DA:51,0
DA:53,0
DA:55,0
DA:57,0
DA:62,1
DA:63,0
DA:67,1
DA:68,0
DA:72,1
DA:73,0
DA:74,0
DA:78,1
DA:79,0
DA:80,0
DA:81,0
DA:82,0
DA:86,1
DA:89,3
DA:92,1
DA:93,1
DA:96,1
DA:97,47
DA:98,47
DA:102,1
DA:103,0
DA:107,1
DA:108,0
DA:109,0
DA:110,0
DA:116,1
DA:117,0
DA:121,1
DA:122,10
DA:124,0
DA:125,0
DA:127,0
DA:128,0
DA:129,0
DA:130,0
DA:132,0
DA:137,1
DA:138,107
DA:142,1
DA:143,126
DA:147,1
DA:148,0
DA:152,1
DA:153,0
DA:157,1
DA:158,0
DA:164,1
DA:165,63
DA:169,1
DA:170,0
DA:174,1
DA:175,0
DA:179,1
DA:180,0
DA:181,0
DA:182,0
DA:186,1
DA:187,0
DA:191,1
DA:192,0
DA:196,1
DA:197,0
DA:198,0
DA:203,1
DA:204,0
DA:209,0
DA:214,0
DA:218,0
DA:220,0
DA:224,1
DA:225,0
DA:229,1
DA:230,0
DA:231,0
DA:234,0
DA:240,0
LF:106
LH:54
BRDA:30,0,1,-
BRDA:33,0,2,-
BRDA:35,0,3,-
BRDA:35,0,4,-
BRDA:50,0,5,-
BRDA:52,0,6,-
BRDA:54,0,7,-
BRDA:56,0,8,-
BRDA:73,0,9,-
BRDA:73,0,10,-
BRDA:79,0,11,-
BRDA:79,0,12,-
BRDA:103,0,13,-
BRDA:103,0,14,-
BRDA:110,0,15,-
BRDA:110,0,16,-
BRDA:122,0,17,-
BRDA:122,0,18,10
BRDA:127,0,19,-
BRDA:128,0,20,-
BRDA:129,0,21,-
BRDA:131,0,22,-
BRDA:138,0,23,88
BRDA:138,0,24,19
BRDA:143,0,25,88
BRDA:143,0,26,38
BRDA:148,0,27,-
BRDA:148,0,28,-
BRDA:181,0,29,-
BRDA:181,0,30,-
BRDA:197,0,31,-
BRDA:197,0,32,-
BRDA:204,0,33,-
BRDA:204,0,34,-
BRDA:218,0,35,-
BRDA:218,0,36,-
BRDA:231,0,37,-
BRDA:231,0,38,-
BRF:38
BRH:5
end_of_record
SF:./app/models/experience_category.rb
DA:7,1
DA:8,1
DA:9,1
DA:11,1
DA:14,1
DA:15,1
DA:16,1
DA:19,1
DA:20,1
DA:21,1
DA:24,1
DA:25,1
DA:28,1
DA:29,0
DA:33,1
DA:34,0
DA:35,0
DA:36,0
DA:41,1
DA:42,0
DA:46,1
DA:47,0
DA:49,0
LF:23
LH:16
BRDA:42,0,1,-
BRDA:42,0,2,-
BRF:2
BRH:0
end_of_record
SF:./app/models/experience_category_type.rb
DA:5,1
DA:6,1
DA:7,1
DA:9,1
DA:11,1
LF:5
LH:5
BRF:0
BRH:0
end_of_record
SF:./app/models/experience_location.rb
DA:1,1
DA:3,1
DA:4,1
DA:7,1
DA:8,1
DA:11,1
DA:14,1
DA:17,1
DA:18,0
DA:20,0
DA:21,0
DA:23,0
DA:24,0
DA:28,0
DA:29,0
DA:32,0
DA:36,1
DA:38,1
DA:39,51
DA:41,0
DA:42,0
LF:21
LH:11
BRDA:18,0,1,-
BRDA:18,0,2,-
BRDA:22,0,3,-
BRDA:27,0,4,-
BRDA:39,0,5,51
BRDA:39,0,6,-
BRDA:41,0,7,-
BRDA:41,0,8,-
BRDA:41,0,9,-
BRDA:41,0,10,-
BRF:10
BRH:1
end_of_record
SF:./app/models/experience_type.rb
DA:7,1
DA:8,1
DA:9,1
DA:11,1
DA:14,1
DA:15,1
DA:16,1
DA:17,1
DA:20,1
DA:21,1
DA:24,1
DA:25,1
DA:28,1
DA:29,0
DA:33,1
DA:34,0
DA:38,1
DA:39,0
LF:18
LH:15
BRF:0
BRH:0
end_of_record
SF:./app/models/knowledge_cluster.rb
DA:3,1
DA:5,1
DA:7,1
DA:8,1
DA:9,1
DA:11,1
DA:12,1
DA:14,6
DA:15,1
DA:18,1
DA:19,4
DA:23,1
DA:24,0
DA:25,0
DA:28,0
DA:32,1
DA:33,0
DA:34,0
DA:36,0
DA:37,0
DA:41,1
DA:42,1
DA:46,1
DA:47,0
DA:50,0
DA:54,1
DA:55,1
DA:58,1
DA:59,1
DA:60,1
DA:61,1
DA:62,1
DA:63,1
DA:64,1
DA:65,1
DA:66,1
DA:67,1
DA:68,1
DA:69,1
DA:71,1
DA:72,0
DA:73,0
DA:75,1
LF:43
LH:32
BRDA:5,0,1,1
BRDA:5,0,2,-
BRDA:24,0,3,-
BRDA:24,0,4,-
BRDA:25,0,5,-
BRDA:25,0,6,-
BRDA:33,0,7,-
BRDA:33,0,8,-
BRDA:34,0,9,-
BRDA:34,0,10,-
BRDA:37,0,11,-
BRDA:37,0,12,-
BRDA:47,0,13,-
BRDA:47,0,14,-
BRDA:65,0,15,1
BRDA:65,0,16,-
BRDA:68,0,17,1
BRDA:68,0,18,-
BRDA:71,0,19,-
BRDA:71,0,20,1
BRF:20
BRH:4
end_of_record
SF:./app/models/knowledge_summary.rb
DA:17,1
DA:19,1
DA:22,1
DA:23,1
DA:24,1
DA:27,6
DA:28,1
DA:29,1
DA:30,2
DA:32,1
DA:34,1
DA:35,5
DA:39,1
DA:40,1
DA:44,1
DA:45,1
DA:46,3
DA:51,1
DA:52,3
DA:56,1
DA:57,2
DA:61,1
DA:62,1
DA:69,1
DA:70,7
DA:74,1
DA:75,2
DA:79,1
DA:80,8
DA:84,1
DA:85,7
DA:89,1
DA:90,1
DA:91,1
DA:92,1
DA:93,1
DA:94,1
DA:96,1
DA:97,1
DA:98,2
DA:99,1
DA:102,1
DA:103,1
DA:104,1
DA:105,1
DA:106,1
DA:108,1
DA:111,1
DA:112,1
DA:113,2
DA:114,1
DA:117,1
DA:118,1
DA:120,1
DA:124,1
DA:125,5
DA:126,5
DA:129,1
DA:131,1
DA:132,1
DA:133,1
DA:134,1
DA:135,1
DA:136,0
DA:137,0
DA:139,1
DA:142,1
LF:67
LH:65
BRDA:85,0,1,7
BRDA:85,0,2,-
BRDA:93,0,3,1
BRDA:93,0,4,-
BRDA:96,0,5,1
BRDA:96,0,6,-
BRDA:102,0,7,1
BRDA:102,0,8,-
BRDA:111,0,9,1
BRDA:111,0,10,-
BRDA:117,0,11,1
BRDA:117,0,12,-
BRDA:125,0,13,5
BRDA:125,0,14,-
BRDA:135,0,15,-
BRDA:138,0,16,1
BRF:16
BRH:8
end_of_record
SF:./app/models/locale.rb
DA:5,1
DA:6,1
DA:7,1
DA:9,4
DA:10,4
DA:11,4
DA:14,1
DA:15,0
DA:19,1
DA:20,3
DA:24,1
DA:25,0
DA:26,0
DA:28,0
DA:33,1
DA:34,0
DA:35,0
LF:17
LH:11
BRDA:25,0,1,-
BRDA:27,0,2,-
BRF:2
BRH:0
end_of_record
SF:./app/models/location.rb
DA:1,1
DA:2,1
DA:3,1
DA:4,1
DA:5,1
DA:8,1
DA:11,1
DA:14,1
DA:17,1
DA:18,1
DA:19,1
DA:20,1
DA:21,1
DA:22,1
DA:25,1
DA:26,1
DA:29,1
DA:33,1
DA:43,1
DA:44,1
DA:45,1
DA:46,1
DA:47,1
DA:48,1
DA:49,1
DA:50,1
DA:53,1
DA:56,1
DA:64,1
DA:65,1
DA:66,0
DA:68,1
DA:69,1
DA:72,1
DA:73,33
DA:78,1
DA:83,0
DA:98,1
DA:100,0
DA:106,1
DA:107,0
DA:108,0
DA:114,1
DA:117,1
DA:118,0
DA:120,0
DA:121,0
DA:122,0
DA:128,0
DA:136,1
DA:137,0
DA:138,0
DA:139,0
DA:140,0
DA:144,1
DA:145,0
DA:149,3
DA:152,10
DA:153,10
DA:156,1
DA:157,0
DA:158,0
DA:162,1
DA:163,0
DA:164,0
DA:165,0
DA:166,0
DA:170,1
DA:173,1
DA:176,1
DA:177,0
DA:181,1
DA:182,0
DA:187,1
DA:188,390
DA:192,1
DA:194,0
DA:195,0
DA:197,0
DA:202,1
DA:203,0
DA:204,0
DA:208,1
DA:209,0
DA:213,1
DA:214,0
DA:219,1
DA:220,0
DA:221,0
DA:223,0
DA:224,0
DA:227,0
DA:228,0
DA:229,0
DA:230,0
DA:234,0
DA:236,0
DA:237,0
DA:241,1
DA:242,0
DA:246,0
DA:248,0
DA:249,0
DA:253,1
DA:254,0
DA:258,1
DA:259,0
DA:263,1
DA:264,0
DA:268,0
DA:272,1
DA:273,0
DA:277,1
DA:278,0
DA:279,0
DA:280,0
DA:282,0
DA:286,1
DA:287,0
DA:288,0
DA:292,1
DA:293,0
DA:299,1
DA:300,390
DA:304,1
DA:305,0
DA:309,1
DA:310,0
DA:314,1
DA:315,0
DA:316,0
DA:317,0
DA:321,1
DA:322,0
DA:326,1
DA:327,0
DA:331,1
DA:332,0
DA:333,0
DA:337,1
DA:338,0
DA:342,1
DA:343,778
DA:344,0
DA:348,1
DA:349,1173
DA:354,1
DA:355,390
DA:359,1
DA:360,393
DA:364,1
DA:365,780
DA:369,1
DA:370,0
DA:374,1
DA:375,0
DA:378,0
DA:380,0
DA:381,0
DA:382,0
DA:386,1
DA:387,0
DA:390,0
DA:392,0
DA:396,1
DA:397,0
DA:400,0
DA:404,1
DA:405,0
DA:409,1
DA:410,0
DA:418,1
DA:419,0
DA:421,0
DA:422,0
DA:430,1
DA:431,0
DA:432,0
DA:433,0
DA:442,1
DA:443,0
DA:445,0
DA:453,1
DA:454,0
DA:458,1
DA:459,0
DA:460,0
DA:464,1
DA:465,0
DA:466,0
DA:472,1
DA:473,0
DA:475,0
DA:486,1
DA:487,0
DA:491,1
DA:492,0
DA:493,0
DA:497,1
DA:498,0
DA:502,1
DA:503,0
DA:504,0
DA:514,1
DA:515,0
DA:520,1
DA:521,0
DA:528,1
DA:529,12
DA:533,1
DA:534,0
DA:538,1
DA:539,0
DA:542,1
DA:545,1
DA:546,0
DA:547,0
DA:548,0
DA:552,1
DA:553,0
DA:554,0
DA:556,0
DA:559,0
DA:562,0
DA:566,1
DA:567,0
DA:568,0
DA:572,1
DA:573,382
DA:574,0
LF:230
LH:113
BRDA:107,0,1,-
BRDA:107,0,2,-
BRDA:118,0,3,-
BRDA:118,0,4,-
BRDA:121,0,5,-
BRDA:127,0,6,-
BRDA:137,0,7,-
BRDA:137,0,8,-
BRDA:139,0,9,-
BRDA:139,0,10,-
BRDA:157,0,11,-
BRDA:157,0,12,-
BRDA:163,0,13,-
BRDA:163,0,14,-
BRDA:182,0,15,-
BRDA:182,0,16,-
BRDA:194,0,17,-
BRDA:196,0,18,-
BRDA:204,0,19,-
BRDA:204,0,20,-
BRDA:220,0,21,-
BRDA:222,0,22,-
BRDA:224,0,23,-
BRDA:224,0,24,-
BRDA:234,0,25,-
BRDA:234,0,26,-
BRDA:242,0,27,-
BRDA:243,0,28,-
BRDA:246,0,29,-
BRDA:246,0,30,-
BRDA:248,0,31,-
BRDA:248,0,32,-
BRDA:264,0,33,-
BRDA:265,0,34,-
BRDA:280,0,35,-
BRDA:280,0,36,-
BRDA:316,0,37,-
BRDA:316,0,38,-
BRDA:332,0,39,-
BRDA:332,0,40,-
BRDA:343,0,41,778
BRDA:343,0,42,-
BRDA:349,0,43,-
BRDA:349,0,44,1173
BRDA:360,0,45,-
BRDA:360,0,46,393
BRDA:365,0,47,-
BRDA:365,0,48,780
BRDA:365,0,49,780
BRDA:365,0,50,-
BRDA:375,0,51,-
BRDA:376,0,52,-
BRDA:378,0,53,-
BRDA:378,0,54,-
BRDA:381,0,55,-
BRDA:381,0,56,-
BRDA:387,0,57,-
BRDA:388,0,58,-
BRDA:390,0,59,-
BRDA:390,0,60,-
BRDA:392,0,61,-
BRDA:392,0,62,-
BRDA:397,0,63,-
BRDA:398,0,64,-
BRDA:419,0,65,-
BRDA:419,0,66,-
BRDA:432,0,67,-
BRDA:432,0,68,-
BRDA:443,0,69,-
BRDA:443,0,70,-
BRDA:459,0,71,-
BRDA:459,0,72,-
BRDA:465,0,73,-
BRDA:465,0,74,-
BRDA:473,0,75,-
BRDA:473,0,76,-
BRDA:492,0,77,-
BRDA:492,0,78,-
BRDA:503,0,79,-
BRDA:503,0,80,-
BRDA:546,0,81,-
BRDA:546,0,82,-
BRDA:553,0,83,-
BRDA:553,0,84,-
BRDA:554,0,85,-
BRDA:554,0,86,-
BRDA:568,0,87,-
BRDA:568,0,88,-
BRDA:573,0,89,-
BRDA:573,0,90,382
BRF:90
BRH:6
end_of_record
SF:./app/models/location_category.rb
DA:9,1
DA:10,1
DA:11,1
DA:13,1
DA:16,1
DA:17,1
DA:20,1
DA:21,1
DA:24,1
DA:25,1
DA:28,1
DA:29,0
DA:33,1
DA:34,0
DA:35,0
DA:37,0
DA:47,1
DA:48,0
DA:52,1
DA:53,0
DA:57,1
DA:58,0
DA:60,0
DA:69,1
DA:70,0
DA:74,1
DA:75,0
LF:27
LH:17
BRDA:35,0,1,-
BRDA:35,0,2,-
BRF:2
BRH:0
end_of_record
SF:./app/models/location_category_assignment.rb
DA:6,1
DA:7,1
DA:8,1
DA:11,1
DA:14,1
DA:17,1
DA:19,1
DA:21,1
DA:22,0
DA:25,0
LF:10
LH:8
BRDA:22,0,1,-
BRDA:22,0,2,-
BRF:2
BRH:0
end_of_record
SF:./app/models/location_experience_type.rb
DA:5,1
DA:6,1
DA:7,1
DA:9,1
LF:4
LH:4
BRF:0
BRH:0
end_of_record
SF:./app/models/photo_suggestion.rb
DA:5,1
DA:6,1
DA:7,1
DA:8,1
DA:10,1
DA:11,1
DA:14,1
DA:16,1
DA:17,1
DA:18,1
DA:21,1
DA:23,2
DA:24,2
DA:26,1
DA:27,4
DA:29,3
DA:30,3
DA:31,3
DA:32,0
DA:34,0
DA:37,3
DA:45,3
DA:47,0
DA:48,0
DA:52,1
DA:53,0
DA:55,0
DA:56,0
DA:58,0
DA:62,0
DA:64,0
DA:70,0
DA:71,0
DA:74,1
DA:75,7
DA:77,6
DA:85,1
DA:86,1
DA:87,0
DA:89,1
DA:93,1
DA:97,1
DA:98,0
DA:99,0
DA:100,0
DA:101,0
DA:102,0
DA:105,0
DA:109,1
DA:110,0
DA:111,0
DA:114,1
DA:115,52
DA:116,2
DA:120,1
DA:121,47
DA:123,30
LF:57
LH:36
BRDA:27,0,1,3
BRDA:27,0,2,1
BRDA:30,0,3,3
BRDA:31,0,4,-
BRDA:33,0,5,-
BRDA:32,0,6,-
BRDA:53,0,7,-
BRDA:53,0,8,-
BRDA:75,0,9,6
BRDA:75,0,10,1
BRDA:86,0,11,-
BRDA:88,0,12,1
BRDA:98,0,13,-
BRDA:98,0,14,-
BRDA:98,0,15,-
BRDA:99,0,16,-
BRDA:100,0,17,-
BRDA:101,0,18,-
BRDA:111,0,19,-
BRDA:111,0,20,-
BRDA:111,0,21,-
BRDA:111,0,22,-
BRDA:115,0,23,50
BRDA:115,0,24,2
BRDA:121,0,25,17
BRDA:121,0,26,30
BRF:26
BRH:10
end_of_record
SF:./app/models/plan.rb
DA:1,1
DA:2,1
DA:3,1
DA:4,1
DA:5,1
DA:8,1
DA:11,1
DA:14,1
DA:15,0
DA:16,0
DA:20,1
DA:21,757
DA:22,1
DA:25,1
DA:27,116
DA:30,1
DA:31,1
DA:32,1
DA:33,1
DA:34,1
DA:35,1
DA:36,1
DA:37,1
DA:38,1
DA:42,1
DA:43,0
DA:46,0
DA:47,0
DA:49,0
DA:50,0
DA:51,0
DA:52,0
DA:55,0
DA:61,0
DA:70,1
DA:71,0
DA:73,0
DA:76,0
DA:80,0
DA:84,0
DA:88,0
DA:94,0
DA:100,1
DA:101,0
DA:104,0
DA:107,0
DA:110,0
DA:113,0
DA:118,3
DA:121,1
DA:122,1
DA:125,1
DA:126,0
DA:128,0
DA:132,1
DA:133,0
DA:137,1
DA:138,0
DA:142,1
DA:143,0
DA:145,0
DA:146,0
DA:150,1
DA:151,0
DA:155,1
DA:156,0
DA:158,0
DA:159,0
DA:161,0
DA:162,0
DA:166,1
DA:167,0
DA:168,0
DA:170,0
DA:174,1
DA:175,0
DA:176,0
DA:178,0
DA:182,1
DA:183,0
DA:187,1
DA:188,0
DA:192,1
DA:193,0
DA:194,0
DA:196,0
DA:197,0
DA:199,0
DA:200,0
DA:201,0
DA:202,0
DA:204,0
DA:209,1
DA:210,0
DA:211,0
DA:215,1
DA:216,0
DA:217,0
DA:221,1
DA:222,0
DA:223,0
DA:227,1
DA:228,0
DA:230,0
DA:239,1
DA:240,0
DA:244,1
DA:245,0
DA:250,1
DA:251,0
DA:256,1
DA:258,0
DA:259,0
DA:262,0
DA:263,0
DA:264,0
DA:271,1
DA:272,0
DA:277,1
DA:278,4
DA:281,4
DA:282,4
DA:285,0
DA:289,1
DA:291,0
DA:312,1
DA:313,0
DA:316,0
DA:317,0
DA:318,0
DA:319,0
DA:322,0
DA:323,0
DA:326,0
DA:327,0
DA:331,0
DA:333,0
DA:343,0
DA:344,0
DA:347,0
DA:348,0
DA:349,0
DA:351,0
DA:352,0
DA:353,0
DA:354,0
DA:355,0
DA:358,0
DA:366,0
DA:367,0
DA:371,0
DA:372,0
DA:376,1
DA:377,0
DA:387,1
DA:388,0
DA:389,0
DA:391,0
DA:392,0
DA:395,0
DA:396,0
DA:397,0
DA:401,0
DA:402,0
DA:406,0
DA:408,0
DA:409,0
DA:410,0
DA:412,0
DA:413,0
DA:414,0
DA:415,0
DA:416,0
DA:419,0
DA:427,0
DA:430,0
DA:431,0
DA:434,0
DA:435,0
DA:437,0
DA:438,0
DA:439,0
DA:442,1
DA:444,1
DA:445,0
DA:447,0
DA:448,0
DA:451,0
DA:452,0
DA:454,0
DA:456,0
DA:463,0
DA:479,1
DA:480,0
DA:482,0
DA:483,0
DA:487,1
DA:488,0
DA:489,0
DA:493,1
DA:494,0
LF:201
LH:61
BRDA:15,0,1,-
BRDA:15,0,2,-
BRDA:16,0,3,-
BRDA:16,0,4,-
BRDA:43,0,5,-
BRDA:43,0,6,-
BRDA:71,0,7,-
BRDA:71,0,8,-
BRDA:103,0,9,-
BRDA:106,0,10,-
BRDA:109,0,11,-
BRDA:112,0,12,-
BRDA:126,0,13,-
BRDA:126,0,14,-
BRDA:151,0,15,-
BRDA:151,0,16,-
BRDA:159,0,17,-
BRDA:159,0,18,-
BRDA:167,0,19,-
BRDA:167,0,20,-
BRDA:168,0,21,-
BRDA:168,0,22,-
BRDA:175,0,23,-
BRDA:175,0,24,-
BRDA:176,0,25,-
BRDA:176,0,26,-
BRDA:194,0,27,-
BRDA:194,0,28,-
BRDA:199,0,29,-
BRDA:200,0,30,-
BRDA:201,0,31,-
BRDA:203,0,32,-
BRDA:210,0,33,-
BRDA:210,0,34,-
BRDA:216,0,35,-
BRDA:216,0,36,-
BRDA:222,0,37,-
BRDA:222,0,38,-
BRDA:259,0,39,-
BRDA:259,0,40,-
BRDA:264,0,41,-
BRDA:264,0,42,-
BRDA:278,0,43,-
BRDA:278,0,44,4
BRDA:282,0,45,4
BRDA:282,0,46,-
BRDA:285,0,47,-
BRDA:285,0,48,-
BRDA:297,0,49,-
BRDA:297,0,50,-
BRDA:317,0,51,-
BRDA:317,0,52,-
BRDA:326,0,53,-
BRDA:326,0,54,-
BRDA:331,0,55,-
BRDA:331,0,56,-
BRDA:343,0,57,-
BRDA:343,0,58,-
BRDA:352,0,59,-
BRDA:352,0,60,-
BRDA:366,0,61,-
BRDA:366,0,62,-
BRDA:392,0,63,-
BRDA:392,0,64,-
BRDA:395,0,65,-
BRDA:395,0,66,-
BRDA:401,0,67,-
BRDA:401,0,68,-
BRDA:402,0,69,-
BRDA:402,0,70,-
BRDA:413,0,71,-
BRDA:413,0,72,-
BRDA:430,0,73,-
BRDA:430,0,74,-
BRDA:452,0,75,-
BRDA:452,0,76,-
BRDA:480,0,77,-
BRDA:480,0,78,-
BRDA:482,0,79,-
BRDA:482,0,80,-
BRDA:488,0,81,-
BRDA:488,0,82,-
BRF:82
BRH:2
end_of_record
SF:./app/models/plan_experience.rb
DA:1,1
DA:3,1
DA:4,1
DA:7,1
DA:8,1
DA:10,1
DA:13,1
DA:14,1
DA:17,1
DA:20,1
DA:21,0
DA:23,0
DA:24,0
DA:25,0
DA:26,0
DA:29,0
DA:30,0
DA:33,0
DA:38,1
DA:39,0
DA:41,0
DA:43,0
DA:49,0
DA:51,0
DA:56,1
DA:57,0
DA:60,1
DA:62,1
DA:63,122
DA:65,0
DA:68,1
DA:69,0
LF:32
LH:16
BRDA:21,0,1,-
BRDA:21,0,2,-
BRDA:24,0,3,-
BRDA:28,0,4,-
BRDA:39,0,5,-
BRDA:39,0,6,-
BRDA:63,0,7,122
BRDA:63,0,8,-
BRDA:69,0,9,-
BRDA:69,0,10,-
BRDA:69,0,11,-
BRDA:69,0,12,-
BRDA:69,0,13,-
BRDA:69,0,14,-
BRF:14
BRH:1
end_of_record
SF:./app/models/platform_audit_log.rb
DA:14,1
DA:16,1
DA:17,1
DA:20,1
DA:21,1
DA:22,1
DA:23,1
DA:24,1
DA:25,1
DA:26,1
DA:27,1
DA:28,1
DA:30,1
DA:37,1
DA:38,4
DA:55,1
DA:56,5
DA:72,1
DA:73,2
DA:85,1
DA:86,0
DA:88,0
DA:90,0
DA:91,0
DA:93,0
LF:25
LH:20
BRDA:87,0,1,-
BRDA:89,0,2,-
BRDA:92,0,3,-
BRDA:86,0,4,-
BRDA:90,0,5,-
BRDA:90,0,6,-
BRDA:90,0,7,-
BRDA:90,0,8,-
BRF:8
BRH:0
end_of_record
SF:./app/models/platform_conversation.rb
DA:12,1
DA:14,1
DA:17,2
DA:18,2
DA:21,1
DA:23,9
DA:29,9
DA:30,9
DA:31,9
DA:35,1
DA:36,1
DA:37,2
DA:42,1
DA:43,1
DA:47,1
DA:48,1
DA:52,1
DA:53,1
DA:57,1
DA:58,1
DA:59,1
DA:60,1
LF:22
LH:22
BRF:0
BRH:0
end_of_record
SF:./app/models/platform_statistic.rb
DA:15,1
DA:17,1
DA:20,2
DA:21,2
DA:23,1
DA:25,1
DA:26,10
DA:28,10
DA:29,9
DA:32,1
DA:37,1
DA:38,6
DA:42,1
DA:43,1
DA:44,4
DA:49,1
DA:50,4
DA:53,1
DA:55,1
DA:56,11
DA:57,10
DA:58,10
DA:59,10
DA:62,1
DA:63,11
DA:65,8
DA:67,1
DA:69,1
DA:71,1
DA:73,0
DA:75,0
DA:79,1
DA:81,8
DA:91,1
DA:93,1
DA:95,0
DA:100,1
DA:101,1
DA:103,1
DA:108,1
DA:109,1
DA:113,1
DA:115,1
DA:123,1
DA:126,0
DA:139,1
DA:140,1
DA:141,1
DA:143,0
DA:146,1
DA:148,1
DA:155,1
DA:157,1
DA:163,1
DA:166,1
DA:167,1
DA:169,0
DA:172,1
DA:174,1
DA:180,1
DA:182,0
DA:186,0
DA:191,0
DA:195,1
DA:197,0
DA:207,1
DA:208,17
DA:211,1
DA:212,2
DA:216,1
DA:217,1
LF:71
LH:61
BRDA:28,0,1,10
BRDA:28,0,2,-
BRDA:28,0,3,9
BRDA:31,0,4,1
BRDA:64,0,5,8
BRDA:66,0,6,1
BRDA:68,0,7,1
BRDA:70,0,8,1
BRDA:72,0,9,-
BRDA:74,0,10,-
BRDA:108,0,11,-
BRDA:108,0,12,1
BRDA:109,0,13,-
BRDA:109,0,14,1
BRDA:174,0,15,-
BRDA:174,0,16,-
BRDA:175,0,17,-
BRDA:175,0,18,-
BRDA:176,0,19,-
BRDA:176,0,20,-
BRF:20
BRH:9
end_of_record
SF:./app/models/prepared_prompt.rb
DA:20,1
DA:21,1
DA:24,1
DA:32,1
DA:40,1
DA:48,1
DA:49,1
DA:50,1
DA:53,2
DA:54,8
DA:55,7
DA:56,2
DA:57,1
DA:60,1
DA:61,0
DA:65,1
DA:66,3
DA:76,1
DA:77,3
DA:87,1
DA:88,4
DA:105,4
DA:109,1
DA:111,10
DA:122,1
DA:124,2
LF:26
LH:25
BRDA:92,0,1,4
BRDA:92,0,2,-
BRDA:93,0,3,2
BRDA:93,0,4,2
BRDA:98,0,5,-
BRDA:98,0,6,4
BRDA:100,0,7,-
BRDA:100,0,8,4
BRDA:102,0,9,-
BRDA:102,0,10,4
BRF:10
BRH:6
end_of_record
SF:./app/models/review.rb
DA:1,1
DA:2,1
DA:4,1
DA:5,1
DA:7,1
DA:9,1
DA:10,1
DA:12,1
DA:13,1
DA:15,1
DA:16,1
DA:17,1
DA:19,1
DA:21,1
DA:22,0
DA:24,0
DA:25,0
LF:17
LH:14
BRDA:22,0,1,-
BRDA:22,0,2,-
BRF:2
BRH:0
end_of_record
SF:./app/models/setting.rb
DA:9,1
DA:10,1
DA:11,1
DA:13,1
DA:14,1
DA:15,1
DA:17,1
DA:20,1
DA:21,59
DA:22,59
DA:24,36
DA:28,1
DA:29,358
DA:30,358
DA:31,358
DA:32,358
DA:33,358
DA:34,358
DA:35,358
DA:39,1
DA:40,36
DA:42,0
DA:44,0
DA:46,0
DA:48,0
DA:50,0
DA:52,36
DA:55,0
DA:59,1
DA:60,0
DA:61,0
DA:66,1
DA:67,0
DA:68,0
LF:34
LH:24
BRDA:22,0,1,36
BRDA:22,0,2,23
BRDA:33,0,3,-
BRDA:33,0,4,358
BRDA:41,0,5,-
BRDA:43,0,6,-
BRDA:45,0,7,-
BRDA:47,0,8,-
BRDA:49,0,9,-
BRDA:51,0,10,36
BRF:10
BRH:4
end_of_record
SF:./app/models/translation.rb
DA:11,1
DA:12,1
DA:14,1
DA:15,1
DA:16,1
DA:17,1
DA:20,1
DA:22,1
DA:23,1
DA:28,1
DA:29,0
LF:11
LH:10
BRF:0
BRH:0
end_of_record
SF:./app/models/user.rb
DA:1,1
DA:2,1
DA:4,1
DA:5,1
DA:6,1
DA:7,1
DA:9,1
DA:10,1
DA:11,1
DA:12,1
DA:13,1
DA:14,1
DA:15,1
DA:18,1
DA:19,1
DA:20,1
DA:22,468
DA:25,1
DA:31,1
DA:36,1
DA:39,468
DA:42,1
DA:43,98
DA:46,1
DA:47,0
DA:50,1
DA:51,0
DA:55,1
DA:56,100
DA:58,14
DA:59,14
DA:62,0
DA:63,0
DA:67,1
DA:68,19
DA:70,3
DA:72,3
DA:73,3
DA:75,3
DA:76,0
DA:77,3
DA:78,0
DA:82,1
DA:83,19
DA:84,19
DA:87,1
DA:88,8
DA:95,1
DA:96,4
DA:103,1
DA:104,4
DA:105,4
DA:109,1
DA:110,0
DA:116,1
DA:117,0
DA:119,0
DA:121,0
DA:126,0
DA:127,0
DA:128,0
DA:136,0
DA:139,1
DA:141,1
DA:142,22
DA:143,19
DA:150,1
DA:152,0
DA:167,1
DA:168,0
DA:169,0
DA:172,1
DA:173,0
DA:174,0
DA:177,0
DA:178,0
DA:179,0
DA:183,1
DA:184,0
DA:185,0
DA:186,0
DA:189,0
DA:190,0
LF:83
LH:56
BRDA:56,0,1,14
BRDA:56,0,2,86
BRDA:58,0,3,14
BRDA:61,0,4,-
BRDA:68,0,5,3
BRDA:68,0,6,16
BRDA:75,0,7,-
BRDA:76,0,8,3
BRDA:77,0,9,-
BRDA:77,0,10,3
BRDA:117,0,11,-
BRDA:117,0,12,-
BRDA:142,0,13,19
BRDA:142,0,14,3
BRDA:185,0,15,-
BRDA:185,0,16,-
BRDA:189,0,17,-
BRDA:189,0,18,-
BRF:18
BRH:9
end_of_record
SF:./app/services/ai.rb
DA:2,1
LF:1
LH:1
BRF:0
BRH:0
end_of_record
SF:./app/services/ai/audio_tour_generator.rb
DA:1,1
DA:14,1
DA:15,1
DA:17,1
DA:18,1
DA:21,1
DA:22,1
DA:27,1
DA:54,1
DA:55,0
DA:62,1
DA:63,0
DA:64,0
DA:70,1
DA:71,0
DA:72,0
DA:74,0
DA:76,0
DA:91,1
DA:93,0
DA:94,0
DA:96,0
DA:103,0
DA:106,0
DA:109,0
DA:110,0
DA:111,0
DA:115,0
DA:118,0
DA:119,0
DA:120,0
DA:123,0
DA:126,0
DA:138,0
DA:141,0
DA:144,0
DA:147,0
DA:161,1
DA:163,0
DA:168,0
DA:170,0
DA:171,0
DA:173,0
DA:175,0
DA:177,0
DA:180,0
DA:181,0
DA:186,0
DA:190,0
DA:191,0
DA:199,1
DA:201,0
DA:210,0
DA:212,0
DA:213,0
DA:215,0
DA:216,0
DA:217,0
DA:218,0
DA:220,0
DA:221,0
DA:222,0
DA:223,0
DA:227,0
DA:235,1
DA:236,0
DA:238,0
DA:240,0
DA:241,0
DA:243,0
DA:244,0
DA:246,0
DA:249,0
DA:250,0
DA:251,0
DA:252,0
DA:256,0
DA:262,1
DA:263,0
DA:266,0
DA:273,0
DA:274,0
DA:276,0
DA:277,0
DA:281,1
DA:282,0
DA:284,0
DA:291,1
DA:293,1
DA:294,0
DA:297,0
DA:355,1
DA:356,0
DA:357,0
DA:359,0
DA:361,0
DA:363,0
DA:365,0
DA:367,0
DA:371,1
DA:372,0
DA:373,0
DA:375,0
DA:376,0
DA:378,0
DA:379,0
DA:380,0
DA:381,0
DA:384,0
DA:385,0
DA:386,0
DA:387,0
DA:395,0
DA:396,0
DA:397,0
DA:401,0
DA:407,1
DA:408,0
DA:409,0
DA:412,0
DA:413,0
DA:415,0
DA:416,0
DA:417,0
DA:418,0
DA:421,0
DA:422,0
DA:423,0
DA:424,0
DA:425,0
DA:435,0
DA:436,0
DA:437,0
DA:441,0
DA:447,1
DA:450,0
DA:453,1
DA:454,0
DA:460,0
DA:463,1
DA:465,0
DA:466,0
DA:473,0
DA:476,0
DA:479,1
DA:481,0
DA:484,1
DA:485,0
DA:487,0
DA:488,0
DA:490,0
DA:494,1
DA:495,0
DA:496,0
DA:497,0
DA:498,0
DA:504,1
DA:505,0
DA:506,0
DA:507,0
DA:508,0
DA:509,0
DA:513,1
DA:514,0
DA:515,0
DA:521,1
DA:522,0
DA:523,0
DA:525,0
DA:526,0
DA:527,0
DA:530,0
DA:531,0
DA:534,0
DA:535,0
DA:536,0
DA:539,0
DA:540,0
DA:542,0
DA:553,1
DA:554,0
DA:555,0
DA:557,0
DA:558,0
DA:559,0
DA:564,1
DA:565,0
DA:568,1
DA:569,0
DA:590,1
DA:592,0
DA:593,0
DA:594,0
LF:193
LH:35
BRDA:64,0,1,-
BRDA:64,0,2,-
BRDA:72,0,3,-
BRDA:72,0,4,-
BRDA:72,0,5,-
BRDA:72,0,6,-
BRDA:93,0,7,-
BRDA:93,0,8,-
BRDA:109,0,9,-
BRDA:109,0,10,-
BRDA:120,0,11,-
BRDA:120,0,12,-
BRDA:174,0,13,-
BRDA:176,0,14,-
BRDA:173,0,15,-
BRDA:223,0,16,-
BRDA:223,0,17,-
BRDA:252,0,18,-
BRDA:252,0,19,-
BRDA:243,0,20,-
BRDA:245,0,21,-
BRDA:306,0,22,-
BRDA:306,0,23,-
BRDA:360,0,24,-
BRDA:362,0,25,-
BRDA:364,0,26,-
BRDA:366,0,27,-
BRDA:373,0,28,-
BRDA:373,0,29,-
BRDA:395,0,30,-
BRDA:395,0,31,-
BRDA:409,0,32,-
BRDA:409,0,33,-
BRDA:435,0,34,-
BRDA:435,0,35,-
BRDA:473,0,36,-
BRDA:473,0,37,-
BRDA:487,0,38,-
BRDA:489,0,39,-
BRDA:523,0,40,-
BRDA:523,0,41,-
BRDA:534,0,42,-
BRDA:534,0,43,-
BRDA:558,0,44,-
BRDA:558,0,45,-
BRF:45
BRH:0
end_of_record
SF:./app/services/ai/concerns/error_reporting.rb
DA:3,1
DA:4,1
DA:7,1
DA:8,1
DA:10,1
DA:16,1
DA:17,0
DA:18,0
DA:20,0
DA:22,0
DA:24,0
DA:25,0
DA:27,0
DA:35,1
DA:36,0
DA:37,0
DA:39,0
DA:41,0
DA:43,0
DA:44,0
DA:46,0
DA:52,1
DA:53,1
DA:58,1
DA:59,0
DA:63,1
DA:64,1
DA:67,1
DA:68,0
DA:71,1
DA:73,0
DA:78,0
DA:79,0
DA:80,0
DA:82,0
LF:35
LH:14
BRDA:20,0,1,-
BRDA:20,0,2,-
BRDA:24,0,3,-
BRDA:26,0,4,-
BRDA:39,0,5,-
BRDA:39,0,6,-
BRDA:43,0,7,-
BRDA:45,0,8,-
BRDA:78,0,9,-
BRDA:78,0,10,-
BRDA:79,0,11,-
BRDA:79,0,12,-
BRDA:80,0,13,-
BRDA:80,0,14,-
BRDA:80,0,15,-
BRDA:80,0,16,-
BRF:16
BRH:0
end_of_record
SF:./app/services/ai/content_orchestrator.rb
DA:3,1
DA:17,1
DA:18,1
DA:20,1
DA:21,1
DA:24,1
DA:25,1
DA:26,1
DA:34,1
DA:37,25
DA:38,25
DA:39,25
DA:41,25
DA:42,25
DA:43,25
DA:44,25
DA:46,25
DA:60,1
DA:61,0
DA:62,0
DA:63,0
DA:67,0
DA:68,0
DA:69,0
DA:70,0
DA:73,0
DA:76,0
DA:77,0
DA:78,0
DA:80,0
DA:83,0
DA:85,0
DA:86,0
DA:87,0
DA:88,0
DA:89,0
DA:91,0
DA:92,0
DA:93,0
DA:94,0
DA:95,0
DA:100,1
DA:102,2
DA:109,0
DA:114,1
DA:115,4
DA:116,4
DA:121,1
DA:122,8
DA:126,1
DA:127,4
DA:131,1
DA:132,66
DA:133,66
DA:134,66
DA:138,1
DA:140,2
DA:143,2
DA:149,2
DA:152,2
DA:156,2
DA:162,2
DA:163,2
DA:164,0
DA:165,0
DA:168,0
DA:174,0
DA:179,2
DA:181,0
DA:182,0
DA:183,0
DA:184,0
DA:185,0
DA:190,1
DA:195,1
DA:196,0
DA:197,0
DA:200,0
DA:205,0
DA:207,0
DA:209,0
DA:215,1
DA:217,0
DA:258,1
DA:259,0
DA:262,0
DA:274,1
DA:276,0
DA:338,1
DA:340,0
DA:343,0
DA:344,0
DA:345,0
DA:346,0
DA:356,0
DA:357,0
DA:361,0
DA:368,1
DA:369,0
DA:381,1
DA:384,0
DA:410,1
DA:411,0
DA:412,0
DA:414,0
DA:415,0
DA:416,0
DA:419,0
DA:421,0
DA:423,0
DA:425,0
DA:428,1
DA:429,0
DA:430,0
DA:431,0
DA:433,0
DA:437,0
DA:438,0
DA:439,0
DA:441,0
DA:442,0
DA:444,0
DA:445,0
DA:449,0
DA:450,0
DA:451,0
DA:452,0
DA:453,0
DA:457,0
DA:458,0
DA:459,0
DA:460,0
DA:461,0
DA:464,0
DA:466,0
DA:467,0
DA:471,1
DA:472,0
DA:473,0
DA:474,0
DA:475,0
DA:477,0
DA:480,0
DA:483,0
DA:486,0
DA:487,0
DA:488,0
DA:491,0
DA:492,0
DA:500,0
DA:507,0
DA:508,0
DA:511,0
DA:513,0
DA:518,0
DA:521,1
DA:523,0
DA:524,0
DA:525,0
DA:530,0
DA:533,1
DA:534,0
DA:536,0
DA:537,0
DA:539,0
DA:540,0
DA:541,0
DA:543,0
DA:544,0
DA:545,0
DA:546,0
DA:551,0
DA:554,1
DA:555,0
DA:557,0
DA:558,0
DA:561,1
DA:562,0
DA:563,0
DA:565,0
DA:566,0
DA:568,0
DA:569,0
DA:570,0
DA:573,1
DA:574,0
DA:576,0
DA:577,0
DA:579,0
DA:580,0
DA:582,0
DA:583,0
DA:586,0
DA:589,1
DA:590,0
DA:592,0
DA:593,0
DA:595,0
DA:596,0
DA:599,0
DA:600,0
DA:602,0
DA:603,0
DA:604,0
DA:605,0
DA:609,0
DA:612,1
DA:613,3
DA:614,2
DA:617,1
DA:618,1
DA:619,1
DA:622,1
DA:623,2
DA:624,2
DA:627,1
DA:628,2
DA:629,2
DA:632,1
DA:633,3
DA:634,2
DA:637,1
DA:638,1
DA:639,1
DA:642,1
DA:643,0
DA:644,0
DA:645,0
DA:646,0
DA:647,0
DA:649,0
DA:652,1
DA:653,0
DA:656,1
DA:657,0
DA:659,0
DA:660,0
DA:661,0
DA:663,0
DA:664,0
DA:667,1
DA:668,0
DA:670,0
DA:671,0
DA:673,0
DA:675,0
DA:676,0
DA:682,1
DA:683,0
DA:684,0
DA:685,0
DA:686,0
DA:688,0
DA:689,0
DA:690,0
DA:692,0
DA:693,0
DA:694,0
DA:695,0
DA:696,0
DA:698,0
DA:699,0
DA:700,0
DA:703,0
DA:706,0
DA:707,0
DA:709,0
DA:710,0
DA:713,0
DA:714,0
DA:716,0
DA:717,0
DA:720,0
DA:721,0
DA:723,0
DA:725,0
DA:727,0
DA:729,0
DA:731,0
DA:733,0
DA:735,0
DA:738,0
DA:739,0
DA:741,0
DA:745,0
DA:748,0
DA:751,0
DA:756,1
DA:757,0
DA:759,0
DA:762,0
DA:765,0
DA:768,0
DA:772,0
DA:775,1
DA:776,0
LF:296
LH:82
BRDA:37,0,1,19
BRDA:37,0,2,6
BRDA:37,0,3,2
BRDA:37,0,4,4
BRDA:38,0,5,19
[...]
BRDA:1380,0,318,-
BRDA:1380,0,319,-
BRDA:1402,0,320,2
BRDA:1402,0,321,1
BRDA:1407,0,322,-
BRDA:1407,0,323,2
BRDA:1443,0,324,2
BRDA:1443,0,325,1
BRDA:1449,0,326,3
BRDA:1449,0,327,-
BRDA:1451,0,328,3
BRDA:1451,0,329,-
BRDA:1452,0,330,1
BRDA:1454,0,331,1
BRDA:1456,0,332,1
BRDA:1458,0,333,-
BRDA:1467,0,334,1
BRDA:1471,0,335,-
BRDA:1469,0,336,1
BRDA:1469,0,337,-
BRDA:1476,0,338,-
BRDA:1476,0,339,1
BRDA:1478,0,340,-
BRDA:1478,0,341,-
BRDA:1482,0,342,-
BRDA:1482,0,343,1
BRDA:1524,0,344,-
BRDA:1524,0,345,1
BRDA:1525,0,346,-
BRDA:1525,0,347,1
BRDA:1532,0,348,-
BRDA:1532,0,349,1
BRDA:1534,0,350,-
BRDA:1534,0,351,-
BRDA:1548,0,352,8
BRDA:1548,0,353,-
BRDA:1551,0,354,7
BRDA:1551,0,355,1
BRDA:1574,0,356,2
BRDA:1574,0,357,-
BRDA:1576,0,358,2
BRDA:1576,0,359,-
BRDA:1577,0,360,1
BRDA:1579,0,361,1
BRDA:1581,0,362,-
BRDA:1583,0,363,-
BRDA:1592,0,364,1
BRDA:1596,0,365,-
BRDA:1594,0,366,1
BRDA:1594,0,367,-
BRDA:1624,0,368,-
BRDA:1624,0,369,1
BRDA:1625,0,370,-
BRDA:1625,0,371,1
BRDA:1640,0,372,6
BRDA:1640,0,373,-
BRDA:1643,0,374,5
BRDA:1643,0,375,1
BRDA:1668,0,376,8
BRDA:1674,0,377,4
BRDA:1680,0,378,-
BRDA:1669,0,379,5
BRDA:1671,0,380,3
BRDA:1675,0,381,2
BRDA:1677,0,382,2
BRDA:1688,0,383,3
BRDA:1688,0,384,1
BRDA:1697,0,385,3
BRDA:1697,0,386,-
BRDA:1724,0,387,2
BRDA:1724,0,388,-
BRDA:1728,0,389,1
BRDA:1728,0,390,1
BRDA:1754,0,391,1
BRDA:1754,0,392,1
BRDA:1785,0,393,2
BRDA:1785,0,394,-
BRDA:1789,0,395,-
BRDA:1789,0,396,2
BRDA:1820,0,397,-
BRDA:1820,0,398,-
BRDA:1836,0,399,11
BRDA:1836,0,400,-
BRDA:1838,0,401,11
BRDA:1838,0,402,-
BRDA:1839,0,403,3
BRDA:1841,0,404,4
BRDA:1843,0,405,1
BRDA:1845,0,406,2
BRDA:1847,0,407,1
BRDA:1849,0,408,-
BRDA:1851,0,409,-
BRDA:1860,0,410,1
BRDA:1861,0,411,2
BRDA:1862,0,412,1
BRDA:1862,0,413,1
BRDA:1867,0,414,-
BRDA:1867,0,415,3
BRDA:1893,0,416,-
BRDA:1893,0,417,2
BRDA:1931,0,418,1
BRDA:1942,0,419,1
BRDA:1967,0,420,14
BRDA:1967,0,421,-
BRDA:1969,0,422,12
BRDA:1971,0,423,2
BRDA:1975,0,424,13
BRDA:1975,0,425,1
BRDA:1976,0,426,12
BRDA:1976,0,427,1
BRDA:1997,0,428,5
BRDA:1999,0,429,3
BRDA:2001,0,430,-
BRDA:2009,0,431,1
BRDA:2009,0,432,4
BRDA:2013,0,433,1
BRDA:2013,0,434,3
BRDA:2044,0,435,2
BRDA:2044,0,436,1
BRDA:2076,0,437,9
BRDA:2076,0,438,-
BRDA:2078,0,439,8
BRDA:2078,0,440,1
BRDA:2079,0,441,4
BRDA:2081,0,442,1
BRDA:2083,0,443,-
BRDA:2085,0,444,1
BRDA:2087,0,445,1
BRDA:2089,0,446,1
BRDA:2092,0,447,1
BRDA:2082,0,448,1
BRDA:2082,0,449,-
BRDA:2084,0,450,-
BRDA:2084,0,451,-
BRDA:2099,0,452,4
BRDA:2099,0,453,-
BRDA:2103,0,454,3
BRDA:2103,0,455,1
BRDA:2107,0,456,2
BRDA:2107,0,457,1
BRDA:2116,0,458,1
BRDA:2116,0,459,1
BRDA:2124,0,460,2
BRDA:2124,0,461,-
BRDA:2130,0,462,1
BRDA:2130,0,463,-
BRDA:2139,0,464,2
BRDA:2139,0,465,-
BRDA:2143,0,466,12
BRDA:2143,0,467,27871
BRDA:2171,0,468,1
BRDA:2171,0,469,-
BRDA:2177,0,470,1
BRDA:2177,0,471,37
BRDA:2204,0,472,32
BRDA:2204,0,473,5
BRDA:2268,0,474,12
BRDA:2268,0,475,-
BRDA:2270,0,476,5
BRDA:2270,0,477,7
BRDA:2271,0,478,1
BRDA:2273,0,479,-
BRDA:2275,0,480,1
BRDA:2277,0,481,2
BRDA:2279,0,482,1
BRDA:2282,0,483,7
BRDA:2312,0,484,-
BRDA:2312,0,485,1
BRDA:2383,0,486,1
BRDA:2383,0,487,1
BRDA:2384,0,488,-
BRDA:2384,0,489,2
BRDA:2385,0,490,-
BRDA:2385,0,491,2
BRDA:2387,0,492,-
BRDA:2387,0,493,2
BRDA:2406,0,494,-
BRDA:2406,0,495,-
BRDA:2418,0,496,-
BRDA:2418,0,497,1
BRDA:2460,0,498,4
BRDA:2462,0,499,3
BRDA:2464,0,500,1
BRDA:2466,0,501,-
BRDA:2468,0,502,-
BRDA:2485,0,503,10
BRDA:2485,0,504,-
BRDA:2487,0,505,7
BRDA:2487,0,506,3
BRDA:2488,0,507,1
BRDA:2490,0,508,2
BRDA:2492,0,509,1
BRDA:2494,0,510,1
BRDA:2496,0,511,1
BRDA:2498,0,512,1
BRDA:2501,0,513,3
BRDA:2507,0,514,1
BRDA:2507,0,515,-
BRDA:2521,0,516,-
BRDA:2521,0,517,-
BRDA:2531,0,518,10
BRDA:2531,0,519,-
BRDA:2633,0,520,-
BRDA:2633,0,521,2
BRDA:2640,0,522,2
BRDA:2640,0,523,-
BRDA:2641,0,524,2
BRDA:2649,0,525,-
BRDA:2659,0,526,1
BRDA:2659,0,527,-
BRDA:2662,0,528,1
BRDA:2663,0,529,-
BRDA:2664,0,530,-
BRDA:2666,0,531,-
BRDA:2699,0,532,12
BRDA:2699,0,533,-
BRDA:2701,0,534,11
BRDA:2701,0,535,1
BRDA:2702,0,536,6
BRDA:2704,0,537,3
BRDA:2706,0,538,2
BRDA:2708,0,539,-
BRDA:2710,0,540,1
BRDA:2712,0,541,-
BRDA:2721,0,542,4
BRDA:2721,0,543,2
BRDA:2723,0,544,4
BRDA:2723,0,545,-
BRDA:2727,0,546,1
BRDA:2727,0,547,5
BRDA:2729,0,548,1
BRDA:2729,0,549,-
BRDA:2733,0,550,-
BRDA:2733,0,551,6
BRDA:2734,0,552,-
BRDA:2734,0,553,-
BRDA:2780,0,554,10
BRDA:2780,0,555,-
BRDA:2783,0,556,8
BRDA:2783,0,557,2
BRDA:2795,0,558,-
BRDA:2795,0,559,6
BRDA:2798,0,560,4
BRDA:2799,0,561,1
BRDA:2800,0,562,1
BRDA:2801,0,563,-
BRDA:2861,0,564,4
BRDA:2861,0,565,2
BRDA:2865,0,566,1
BRDA:2865,0,567,5
BRDA:2882,0,568,4
BRDA:2882,0,569,2
BRDA:2886,0,570,1
BRDA:2886,0,571,5
BRDA:2926,0,572,3
BRDA:2928,0,573,3
BRDA:2930,0,574,-
BRDA:2938,0,575,2
BRDA:2938,0,576,1
BRDA:2968,0,577,3
BRDA:2968,0,578,-
BRDA:2972,0,579,1
BRDA:2972,0,580,2
BRF:580
BRH:329
end_of_record
SF:./lib/platform/dsl/grammar.rb
DA:3,1
DA:5,1
DA:6,1
DA:17,1
DA:19,17
DA:20,17
DA:23,1
DA:24,17
DA:25,17
DA:26,17
DA:29,1
DA:30,12
DA:33,1
DA:34,12
DA:37,1
DA:38,9
DA:41,1
DA:42,6
DA:45,1
DA:46,5
DA:47,5
DA:51,1
DA:52,12
DA:56,7
DA:58,1
DA:59,6
DA:62,1
DA:63,6
DA:66,1
DA:67,13
DA:71,14
DA:73,1
DA:74,13
DA:78,1
DA:79,8
DA:80,8
DA:85,12
DA:87,9
DA:89,1
DA:90,11
DA:95,1
DA:96,8
DA:99,1
DA:100,8
DA:103,1
DA:104,16
DA:109,1
DA:110,16
DA:114,1
DA:115,16
DA:119,1
DA:120,13
DA:124,1
DA:125,13
DA:129,1
DA:130,13
DA:135,1
DA:136,13
DA:140,1
DA:141,1
DA:144,1
DA:145,13
DA:149,1
DA:150,13
DA:156,1
DA:157,1
DA:160,1
DA:161,13
DA:168,1
DA:169,13
DA:176,1
DA:177,13
DA:182,1
DA:183,13
DA:190,1
DA:191,1
DA:194,1
DA:195,1
DA:198,1
DA:199,13
DA:206,1
DA:207,13
DA:212,1
DA:213,13
DA:219,1
DA:220,13
DA:225,1
DA:226,13
DA:231,1
DA:232,1
DA:235,1
DA:236,13
DA:242,1
DA:243,1
DA:246,1
DA:247,13
DA:252,1
DA:253,13
DA:259,1
DA:260,13
DA:264,1
DA:265,13
DA:271,1
DA:272,13
DA:276,1
DA:277,13
DA:283,1
DA:284,13
DA:289,1
DA:290,13
DA:295,1
DA:296,13
DA:302,1
DA:303,13
DA:308,1
DA:309,1
DA:312,1
DA:313,1
DA:316,1
DA:317,13
DA:324,1
DA:325,13
DA:332,1
DA:333,13
DA:339,1
DA:340,13
DA:344,1
DA:345,13
DA:350,1
DA:351,13
DA:356,1
DA:357,13
DA:361,1
DA:362,13
DA:365,1
DA:366,16
DA:369,1
LF:137
LH:137
BRF:0
BRH:0
end_of_record
SF:./lib/platform/dsl/parser.rb
DA:3,1
DA:5,1
DA:6,1
DA:20,1
DA:21,1
DA:22,1
DA:23,232
DA:24,227
DA:26,5
DA:29,1
DA:31,1
DA:32,232
DA:35,1
DA:36,227
DA:39,1
DA:40,5
DA:41,5
DA:49,1
DA:51,92
DA:52,18
DA:53,109
DA:54,2
DA:55,2
DA:56,9
DA:59,1
DA:60,0
DA:62,1
DA:63,2
DA:67,1
DA:68,0
DA:70,1
DA:71,156
DA:72,156
DA:76,1
DA:78,0
DA:80,1
DA:82,5
DA:84,4
DA:86,0
DA:87,0
DA:88,0
DA:91,4
DA:94,1
DA:95,2
DA:96,0
DA:97,0
DA:98,0
DA:100,2
DA:104,0
DA:109,1
DA:110,0
DA:113,1
DA:114,125
DA:117,1
DA:118,2
DA:121,1
DA:122,0
DA:126,1
DA:127,142
DA:129,128
DA:130,0
DA:131,0
DA:132,0
DA:134,128
DA:137,11
DA:138,27
DA:139,0
DA:140,0
DA:141,0
DA:142,27
DA:143,27
DA:145,0
DA:149,3
DA:154,1
DA:156,7
DA:163,1
DA:165,0
DA:172,1
DA:174,10
DA:181,1
DA:183,0
DA:191,1
DA:193,11
DA:194,11
DA:196,11
DA:201,0
DA:211,1
DA:213,9
DA:220,1
DA:222,6
DA:228,1
DA:230,43
DA:236,1
DA:238,56
DA:246,1
DA:248,9
DA:256,1
DA:258,5
DA:268,1
DA:269,2
DA:271,2
DA:280,1
DA:282,4
DA:284,4
DA:293,1
DA:294,8
DA:296,3
DA:305,1
DA:306,15
DA:308,5
DA:316,1
DA:318,7
DA:329,1
DA:330,1
DA:332,1
DA:343,1
DA:344,1
DA:346,1
DA:357,1
DA:358,1
DA:359,1
DA:361,1
DA:373,1
DA:375,9
DA:385,1
DA:386,2
DA:388,2
DA:398,1
DA:399,6
DA:401,1
DA:402,1
DA:403,0
DA:404,0
DA:405,5
DA:408,6
DA:419,1
DA:420,6
DA:422,1
DA:423,1
DA:424,0
DA:425,0
DA:426,5
DA:429,6
DA:437,1
DA:439,4
DA:448,1
DA:449,7
DA:451,7
DA:460,1
DA:461,2
DA:462,2
DA:464,2
DA:473,1
DA:474,2
DA:475,2
DA:477,2
DA:486,1
DA:487,1
DA:488,1
DA:489,1
DA:491,1
DA:501,1
DA:503,4
DA:511,1
DA:512,4
DA:514,1
DA:515,1
DA:516,0
DA:517,0
DA:518,3
DA:521,4
LF:171
LH:143
BRDA:71,0,1,-
BRDA:71,0,2,156
BRDA:78,0,3,-
BRDA:78,0,4,-
BRDA:83,0,5,4
BRDA:93,0,6,1
BRDA:103,0,7,-
BRDA:85,0,8,-
BRDA:90,0,9,4
BRDA:87,0,10,-
BRDA:87,0,11,-
BRDA:95,0,12,-
BRDA:99,0,13,2
BRDA:97,0,14,-
BRDA:97,0,15,-
BRDA:100,0,16,2
BRDA:100,0,17,-
BRDA:128,0,18,128
BRDA:136,0,19,11
BRDA:148,0,20,3
BRDA:129,0,21,-
BRDA:133,0,22,128
BRDA:131,0,23,-
BRDA:131,0,24,-
BRDA:138,0,25,-
BRDA:141,0,26,27
BRDA:140,0,27,-
BRDA:140,0,28,-
BRDA:142,0,29,27
BRDA:144,0,30,-
BRDA:194,0,31,11
BRDA:199,0,32,-
BRDA:269,0,33,-
BRDA:269,0,34,2
BRDA:269,0,35,-
BRDA:269,0,36,-
BRDA:269,0,37,2
BRDA:269,0,38,-
BRDA:282,0,39,4
BRDA:282,0,40,-
BRDA:294,0,41,-
BRDA:294,0,42,5
BRDA:294,0,43,-
BRDA:294,0,44,-
BRDA:306,0,45,10
BRDA:306,0,46,-
BRDA:330,0,47,-
BRDA:330,0,48,1
BRDA:330,0,49,-
BRDA:330,0,50,-
BRDA:330,0,51,1
BRDA:330,0,52,-
BRDA:344,0,53,-
BRDA:344,0,54,1
BRDA:344,0,55,-
BRDA:344,0,56,-
BRDA:344,0,57,1
BRDA:344,0,58,-
BRDA:358,0,59,-
BRDA:358,0,60,1
BRDA:358,0,61,-
BRDA:358,0,62,-
BRDA:358,0,63,1
BRDA:358,0,64,-
BRDA:359,0,65,-
BRDA:359,0,66,1
BRDA:359,0,67,-
BRDA:359,0,68,-
BRDA:359,0,69,1
BRDA:359,0,70,-
BRDA:386,0,71,-
BRDA:386,0,72,2
BRDA:386,0,73,-
BRDA:386,0,74,-
BRDA:386,0,75,2
BRDA:386,0,76,-
BRDA:400,0,77,1
BRDA:402,0,78,-
BRDA:403,0,79,-
BRDA:404,0,80,5
BRDA:402,0,81,1
BRDA:402,0,82,-
BRDA:403,0,83,-
BRDA:403,0,84,-
BRDA:405,0,85,5
BRDA:405,0,86,-
BRDA:421,0,87,1
BRDA:423,0,88,-
BRDA:424,0,89,-
BRDA:425,0,90,5
BRDA:423,0,91,1
BRDA:423,0,92,-
BRDA:424,0,93,-
BRDA:424,0,94,-
BRDA:426,0,95,5
BRDA:426,0,96,-
BRDA:449,0,97,-
BRDA:449,0,98,7
BRDA:449,0,99,-
BRDA:449,0,100,-
BRDA:449,0,101,7
BRDA:449,0,102,-
BRDA:461,0,103,-
BRDA:461,0,104,2
BRDA:461,0,105,-
BRDA:461,0,106,-
BRDA:461,0,107,2
BRDA:461,0,108,-
BRDA:462,0,109,-
BRDA:462,0,110,2
BRDA:462,0,111,-
BRDA:462,0,112,-
BRDA:462,0,113,2
BRDA:462,0,114,-
BRDA:474,0,115,-
BRDA:474,0,116,2
BRDA:474,0,117,-
BRDA:474,0,118,-
BRDA:474,0,119,2
BRDA:474,0,120,-
BRDA:475,0,121,-
BRDA:475,0,122,2
BRDA:475,0,123,-
BRDA:475,0,124,-
BRDA:475,0,125,2
BRDA:475,0,126,-
BRDA:487,0,127,-
BRDA:487,0,128,1
BRDA:487,0,129,-
BRDA:487,0,130,-
BRDA:487,0,131,1
BRDA:487,0,132,-
BRDA:488,0,133,-
BRDA:488,0,134,1
BRDA:488,0,135,-
BRDA:488,0,136,-
BRDA:488,0,137,1
BRDA:488,0,138,-
BRDA:489,0,139,-
BRDA:489,0,140,1
BRDA:489,0,141,-
BRDA:489,0,142,-
BRDA:489,0,143,1
BRDA:489,0,144,-
BRDA:513,0,145,1
BRDA:515,0,146,-
BRDA:516,0,147,-
BRDA:517,0,148,3
BRDA:515,0,149,1
BRDA:515,0,150,-
BRDA:516,0,151,-
BRDA:516,0,152,-
BRDA:518,0,153,3
BRDA:518,0,154,-
BRF:154
BRH:56
end_of_record
SF:./lib/platform/dsl/validator.rb
DA:3,0
DA:4,0
DA:17,0
DA:18,0
DA:20,0
DA:21,0
DA:22,0
DA:23,0
DA:24,0
DA:26,0
DA:27,0
DA:28,0
DA:29,0
DA:30,0
DA:33,0
DA:34,0
DA:35,0
DA:36,0
DA:37,0
DA:40,0
DA:41,0
DA:42,0
DA:43,0
DA:44,0
DA:47,0
DA:50,0
DA:51,0
DA:52,0
DA:54,0
DA:55,0
DA:56,0
DA:58,0
DA:59,0
DA:60,0
DA:61,0
DA:62,0
DA:63,0
DA:64,0
DA:65,0
DA:66,0
DA:67,0
DA:68,0
DA:69,0
DA:70,0
DA:71,0
DA:72,0
DA:73,0
DA:75,0
DA:77,0
DA:78,0
DA:79,0
DA:80,0
DA:81,0
DA:82,0
DA:83,0
DA:84,0
DA:86,0
DA:87,0
DA:90,0
DA:91,0
DA:92,0
DA:95,0
DA:96,0
DA:97,0
DA:99,0
DA:100,0
DA:101,0
DA:102,0
DA:103,0
DA:104,0
DA:105,0
DA:106,0
DA:107,0
DA:108,0
DA:109,0
DA:110,0
LF:76
LH:0
BRF:0
BRH:0
end_of_record
SF:./lib/platform/knowledge.rb
DA:3,1
DA:11,1
LF:2
LH:2
BRF:0
BRH:0
end_of_record
SF:./lib/platform/knowledge/layer_one.rb
DA:3,1
DA:4,1
DA:15,1
DA:17,1
DA:20,1
DA:22,1
DA:24,1
DA:25,3
DA:27,3
DA:28,2
DA:31,1
DA:36,1
DA:37,10
DA:39,10
DA:41,0
DA:43,0
DA:45,0
DA:50,1
DA:51,1
DA:55,1
DA:56,1
DA:60,1
DA:61,0
DA:63,0
DA:64,0
DA:68,0
DA:69,0
DA:75,1
DA:76,1
DA:79,1
DA:82,1
DA:83,10
DA:84,10
DA:87,8
DA:90,8
DA:91,17
DA:94,8
DA:97,8
DA:100,8
DA:112,1
DA:113,0
DA:115,0
DA:117,0
DA:118,0
DA:119,0
DA:120,0
DA:121,0
DA:123,0
DA:135,1
DA:137,0
DA:141,1
DA:142,8
DA:144,8
DA:154,8
DA:155,8
DA:160,1
DA:161,0
DA:163,0
DA:168,0
DA:173,1
DA:174,8
DA:177,8
DA:178,8
DA:179,8
DA:183,8
DA:184,8
DA:185,8
DA:189,8
DA:192,8
DA:193,0
DA:197,8
DA:198,8
DA:201,8
DA:205,1
DA:206,0
DA:208,0
DA:209,0
DA:211,0
DA:212,0
DA:214,0
DA:218,1
DA:219,8
DA:221,8
DA:223,8
DA:224,0
DA:226,8
DA:227,0
DA:228,8
DA:229,8
DA:232,0
DA:233,0
DA:234,0
DA:235,0
DA:239,8
DA:243,1
DA:245,9
DA:255,1
DA:257,8
DA:258,0
DA:261,8
DA:264,8
DA:265,8
DA:266,0
DA:268,8
DA:269,8
DA:274,1
DA:275,8
DA:282,9
DA:285,24
DA:298,1
DA:299,32
DA:301,8
DA:303,8
DA:308,0
DA:312,0
DA:317,1
DA:318,8
DA:323,8
DA:332,8
LF:119
LH:82
BRDA:27,0,1,3
BRDA:27,0,2,-
BRDA:27,0,3,2
BRDA:30,0,4,1
BRDA:38,0,5,10
BRDA:40,0,6,-
BRDA:42,0,7,-
BRDA:44,0,8,-
BRDA:62,0,9,-
BRDA:67,0,10,-
BRDA:61,0,11,-
BRDA:84,0,12,2
BRDA:84,0,13,8
BRDA:115,0,14,-
BRDA:115,0,15,-
BRDA:149,0,16,8
BRDA:149,0,17,-
BRDA:154,0,18,8
BRDA:154,0,19,-
BRDA:155,0,20,8
BRDA:155,0,21,-
BRDA:167,0,22,-
BRDA:167,0,23,-
BRDA:168,0,24,-
BRDA:168,0,25,-
BRDA:178,0,26,8
BRDA:178,0,27,-
BRDA:184,0,28,8
BRDA:184,0,29,-
BRDA:192,0,30,-
BRDA:192,0,31,8
BRDA:197,0,32,8
BRDA:197,0,33,-
BRDA:209,0,34,-
BRDA:209,0,35,-
BRDA:212,0,36,-
BRDA:212,0,37,-
BRDA:222,0,38,8
BRDA:231,0,39,-
BRDA:221,0,40,-
BRDA:223,0,41,-
BRDA:223,0,42,8
BRDA:226,0,43,-
BRDA:227,0,44,8
BRDA:228,0,45,8
BRDA:228,0,46,-
BRDA:232,0,47,-
BRDA:232,0,48,-
BRDA:232,0,49,-
BRDA:233,0,50,-
BRDA:234,0,51,-
BRDA:234,0,52,-
BRDA:234,0,53,-
BRDA:234,0,54,-
BRDA:247,0,55,-
BRDA:247,0,56,9
BRDA:257,0,57,8
BRDA:257,0,58,-
BRDA:302,0,59,8
BRDA:307,0,60,-
BRDA:311,0,61,-
BRDA:306,0,62,8
BRDA:306,0,63,-
BRDA:308,0,64,-
BRDA:308,0,65,-
BRDA:310,0,66,-
BRDA:310,0,67,-
BRF:67
BRH:21
end_of_record
SF:./lib/platform/knowledge/layer_two.rb
DA:3,1
DA:4,1
DA:15,1
DA:16,1
DA:18,1
DA:20,1
DA:21,4
DA:25,1
DA:26,1
DA:30,1
DA:31,1
DA:34,1
DA:35,1
DA:37,0
DA:41,1
DA:42,1
DA:43,1
DA:45,0
DA:46,0
DA:53,0
DA:55,0
DA:56,0
DA:60,1
DA:61,0
DA:63,0
DA:64,0
DA:66,0
DA:67,0
DA:69,0
DA:74,1
DA:76,4
DA:78,4
DA:81,3
DA:84,3
DA:85,18
DA:90,1
DA:91,6
DA:93,6
DA:94,16
DA:99,1
DA:100,2
DA:102,2
DA:104,1
DA:105,1
DA:106,2
DA:109,1
DA:112,1
DA:114,1
DA:116,4
DA:118,4
DA:119,4
DA:120,4
DA:128,4
DA:129,4
DA:130,4
DA:137,4
DA:140,1
DA:142,3
DA:144,5
DA:153,3
DA:155,0
DA:156,0
DA:160,1
DA:161,3
DA:163,3
DA:164,3
DA:165,3
DA:167,0
DA:169,3
DA:170,3
DA:173,1
DA:174,3
DA:178,5
DA:198,1
DA:200,0
DA:201,0
DA:203,0
DA:204,0
DA:206,0
DA:213,0
DA:214,0
DA:217,1
DA:221,3
DA:259,1
DA:261,3
DA:264,1
DA:265,18
DA:267,18
DA:273,18
DA:274,18
DA:276,0
DA:277,0
DA:280,1
DA:281,16
DA:283,16
DA:286,15
DA:289,15
DA:291,80
DA:292,80
DA:296,15
DA:297,6
DA:303,6
DA:310,15
DA:315,15
DA:321,1
DA:322,6
DA:323,27
DA:324,6
LF:108
LH:84
BRDA:31,0,1,1
BRDA:31,0,2,-
BRDA:35,0,3,1
BRDA:35,0,4,-
BRDA:42,0,5,-
BRDA:42,0,6,1
BRDA:43,0,7,-
BRDA:43,0,8,1
BRDA:61,0,9,-
BRDA:61,0,10,-
BRDA:64,0,11,-
BRDA:64,0,12,-
BRDA:67,0,13,-
BRDA:67,0,14,-
BRDA:78,0,15,1
BRDA:78,0,16,3
BRDA:102,0,17,1
BRDA:102,0,18,1
BRDA:128,0,19,4
BRDA:128,0,20,-
BRDA:147,0,21,5
BRDA:147,0,22,-
BRDA:161,0,23,3
BRDA:161,0,24,-
BRDA:201,0,25,-
BRDA:201,0,26,-
BRDA:281,0,27,16
BRDA:281,0,28,-
BRDA:281,0,29,1
BRDA:281,0,30,-
BRDA:283,0,31,1
BRDA:283,0,32,15
BRF:32
BRH:15
end_of_record
SF:./lib/platform/knowledge/layer_zero.rb
DA:3,1
DA:4,1
DA:17,1
DA:19,1
DA:21,1
DA:23,1
DA:24,3
DA:28,1
DA:29,1
DA:33,1
DA:34,1
DA:38,1
DA:39,1
DA:43,1
DA:44,1
DA:48,1
DA:49,0
DA:54,1
DA:55,2
DA:56,2
DA:58,2
DA:62,1
DA:63,2
DA:64,2
DA:68,1
DA:69,1
DA:72,1
DA:74,1
DA:76,2
DA:77,2
DA:78,2
DA:79,2
DA:80,2
DA:81,2
DA:83,2
DA:113,1
DA:114,2
DA:116,5
DA:119,1
DA:120,2
DA:122,0
DA:123,0
LF:42
LH:39
BRDA:56,0,1,-
BRDA:56,0,2,2
BRDA:64,0,3,2
BRDA:64,0,4,-
BRDA:69,0,5,1
BRDA:69,0,6,-
BRDA:114,0,7,-
BRDA:114,0,8,2
BRDA:120,0,9,2
BRDA:120,0,10,-
BRF:10
BRH:5
end_of_record
SF:./lib/platform/mcp_server.rb
DA:3,0
DA:5,0
DA:16,0
DA:17,0
DA:18,0
DA:19,0
DA:21,0
DA:22,0
DA:23,0
DA:24,0
DA:25,0
DA:26,0
DA:28,0
DA:29,0
DA:30,0
DA:32,0
DA:34,0
DA:35,0
DA:37,0
DA:38,0
DA:39,0
DA:40,0
DA:41,0
DA:42,0
DA:43,0
DA:44,0
DA:45,0
DA:46,0
DA:47,0
DA:49,0
DA:51,0
DA:52,0
DA:53,0
DA:54,0
DA:56,0
DA:57,0
DA:58,0
DA:59,0
DA:60,0
DA:61,0
DA:62,0
DA:63,0
DA:64,0
DA:65,0
DA:66,0
DA:67,0
DA:68,0
DA:69,0
DA:70,0
DA:71,0
DA:72,0
DA:73,0
DA:74,0
DA:75,0
DA:76,0
DA:77,0
DA:78,0
DA:80,0
DA:82,0
DA:83,0
DA:84,0
DA:85,0
DA:86,0
DA:87,0
DA:89,0
DA:90,0
DA:91,0
DA:92,0
DA:93,0
DA:94,0
DA:95,0
DA:96,0
DA:97,0
DA:98,0
DA:99,0
DA:100,0
DA:101,0
DA:102,0
DA:104,0
DA:105,0
DA:106,0
DA:107,0
DA:108,0
DA:109,0
DA:110,0
DA:111,0
DA:112,0
DA:113,0
DA:114,0
DA:115,0
DA:116,0
DA:117,0
DA:118,0
DA:119,0
DA:120,0
DA:121,0
DA:122,0
DA:123,0
DA:124,0
DA:125,0
DA:126,0
DA:127,0
DA:128,0
DA:129,0
DA:130,0
DA:131,0
DA:132,0
DA:133,0
DA:134,0
DA:135,0
DA:136,0
DA:137,0
DA:138,0
DA:139,0
DA:140,0
DA:141,0
DA:142,0
DA:143,0
DA:144,0
DA:145,0
DA:146,0
DA:147,0
DA:148,0
DA:149,0
DA:150,0
DA:151,0
DA:152,0
DA:153,0
DA:154,0
DA:155,0
DA:156,0
DA:157,0
DA:158,0
DA:159,0
DA:160,0
DA:161,0
DA:162,0
DA:163,0
DA:164,0
DA:165,0
DA:166,0
DA:167,0
DA:168,0
DA:169,0
DA:170,0
DA:171,0
DA:172,0
DA:173,0
DA:174,0
DA:175,0
DA:176,0
DA:177,0
DA:178,0
DA:179,0
DA:180,0
DA:181,0
DA:182,0
DA:184,0
DA:185,0
DA:186,0
DA:188,0
DA:189,0
DA:190,0
DA:191,0
DA:192,0
DA:193,0
DA:194,0
DA:195,0
DA:196,0
DA:197,0
DA:198,0
DA:199,0
DA:200,0
DA:201,0
DA:202,0
DA:204,0
DA:205,0
DA:206,0
DA:207,0
DA:208,0
DA:209,0
DA:210,0
DA:211,0
DA:212,0
DA:213,0
DA:214,0
DA:215,0
DA:216,0
DA:217,0
DA:218,0
DA:219,0
DA:220,0
DA:221,0
DA:222,0
DA:223,0
DA:224,0
DA:225,0
DA:226,0
DA:227,0
DA:229,0
DA:230,0
DA:232,0
DA:233,0
DA:234,0
DA:235,0
DA:236,0
DA:237,0
DA:238,0
DA:239,0
DA:240,0
DA:241,0
DA:242,0
DA:244,0
DA:245,0
DA:246,0
DA:247,0
DA:248,0
DA:249,0
DA:250,0
DA:251,0
DA:252,0
DA:253,0
DA:254,0
DA:255,0
DA:256,0
DA:257,0
DA:258,0
DA:259,0
DA:260,0
DA:261,0
DA:262,0
DA:263,0
DA:265,0
DA:266,0
DA:267,0
DA:269,0
DA:270,0
DA:271,0
DA:272,0
DA:273,0
DA:274,0
DA:275,0
DA:276,0
DA:277,0
DA:278,0
DA:279,0
DA:280,0
DA:281,0
DA:282,0
DA:283,0
DA:284,0
DA:285,0
DA:286,0
DA:287,0
DA:288,0
DA:289,0
DA:290,0
DA:291,0
DA:292,0
DA:293,0
DA:294,0
DA:295,0
DA:296,0
DA:297,0
DA:301,0
DA:302,0
DA:304,0
DA:305,0
DA:306,0
DA:307,0
DA:308,0
DA:309,0
DA:310,0
DA:311,0
DA:312,0
DA:313,0
DA:314,0
DA:315,0
DA:316,0
DA:317,0
DA:318,0
DA:320,0
DA:321,0
DA:322,0
DA:323,0
DA:324,0
DA:325,0
DA:326,0
DA:327,0
DA:328,0
DA:329,0
DA:331,0
DA:332,0
DA:333,0
DA:334,0
DA:335,0
DA:336,0
DA:337,0
DA:338,0
DA:339,0
DA:340,0
DA:341,0
DA:343,0
DA:344,0
DA:345,0
DA:346,0
DA:348,0
DA:349,0
DA:350,0
DA:352,0
DA:353,0
DA:354,0
DA:355,0
DA:356,0
DA:357,0
DA:358,0
DA:359,0
DA:360,0
DA:362,0
DA:363,0
DA:365,0
DA:366,0
DA:367,0
DA:368,0
DA:369,0
DA:370,0
DA:371,0
DA:372,0
DA:373,0
DA:377,0
DA:378,0
DA:379,0
DA:380,0
DA:381,0
DA:382,0
DA:383,0
DA:384,0
DA:385,0
DA:386,0
DA:387,0
DA:388,0
DA:389,0
DA:390,0
DA:392,0
DA:393,0
DA:394,0
DA:395,0
DA:396,0
DA:397,0
DA:398,0
DA:399,0
DA:400,0
DA:401,0
DA:402,0
DA:403,0
DA:404,0
DA:405,0
DA:407,0
DA:408,0
DA:409,0
DA:410,0
DA:411,0
DA:412,0
DA:413,0
DA:414,0
DA:415,0
DA:416,0
DA:417,0
DA:418,0
DA:419,0
DA:420,0
DA:422,0
DA:423,0
DA:424,0
DA:425,0
DA:427,0
DA:428,0
DA:429,0
DA:430,0
DA:431,0
DA:432,0
DA:433,0
DA:434,0
DA:435,0
DA:436,0
LF:385
LH:0
BRF:0
BRH:0
end_of_record
SF:./lib/platform/services/spam_detector.rb
DA:3,1
DA:4,1
DA:18,1
DA:20,1
DA:21,1
DA:22,1
DA:23,1
DA:24,1
DA:26,1
DA:30,1
DA:31,2
DA:34,2
DA:40,2
DA:41,3
DA:42,3
DA:44,3
DA:45,0
DA:46,0
DA:51,3
DA:52,0
DA:60,2
DA:68,1
DA:69,6
DA:70,6
DA:72,6
DA:74,6
DA:75,1
DA:76,0
DA:77,0
DA:79,1
DA:80,5
DA:81,0
DA:83,5
DA:91,1
DA:92,6
DA:94,6
DA:95,6
DA:96,6
DA:99,6
DA:100,6
DA:103,6
DA:106,6
DA:120,6
DA:121,0
DA:122,0
DA:123,6
DA:124,0
DA:125,0
DA:126,6
DA:127,1
DA:128,1
DA:129,5
DA:130,0
DA:131,0
DA:132,5
DA:133,0
DA:134,0
DA:135,5
DA:136,0
DA:137,0
DA:140,6
DA:146,1
DA:148,2
DA:153,0
DA:161,1
DA:163,1
DA:164,6
DA:167,4
DA:168,4
DA:170,4
DA:171,16
DA:172,11
DA:173,11
DA:175,5
DA:179,4
DA:182,1
DA:183,6
DA:189,6
DA:192,6
DA:193,6
DA:196,6
DA:197,6
DA:200,6
DA:201,6
DA:203,6
DA:206,1
DA:207,2
DA:208,2
DA:213,1
DA:214,0
LF:90
LH:72
BRDA:44,0,1,-
BRDA:50,0,2,3
BRDA:51,0,3,-
BRDA:51,0,4,3
BRDA:69,0,5,6
BRDA:69,0,6,-
BRDA:70,0,7,-
BRDA:70,0,8,6
BRDA:74,0,9,1
BRDA:79,0,10,5
BRDA:75,0,11,-
BRDA:75,0,12,1
BRDA:80,0,13,-
BRDA:82,0,14,5
BRDA:120,0,15,-
BRDA:122,0,16,6
BRDA:123,0,17,-
BRDA:125,0,18,6
BRDA:126,0,19,1
BRDA:128,0,20,5
BRDA:129,0,21,-
BRDA:131,0,22,5
BRDA:132,0,23,-
BRDA:134,0,24,5
BRDA:135,0,25,-
BRDA:135,0,26,5
BRDA:164,0,27,2
BRDA:164,0,28,4
BRDA:171,0,29,11
BRDA:174,0,30,5
BRF:30
BRH:19
end_of_record
